<?xml version="1.0" encoding="UTF-8"?>
<!-- Generated by org.testng.reporters.JUnitXMLReporter -->
<testsuite hostname="EBSI-HP4540-07" ignored="268" name="ChangeItemsPerPageInListView" tests="12" failures="1" timestamp="09 Mar 2018 08:57:25 GMT" time="149.993" errors="0">
  <testcase name="launchHomePage" time="25.184" classname="com.eperium.jumpstart.JumpStartTestSuite"/>
  <testcase name="closeCookieWarning" time="0.234" classname="com.eperium.jumpstart.JumpStartTestSuite">
    <failure type="org.openqa.selenium.ElementNotVisibleException" message="Element is not currently visible and so may not be interacted with
Command duration or timeout: 84 milliseconds
Build info: version: &amp;apos;2.53.0&amp;apos;, revision: &amp;apos;35ae25b1534ae328c771e0856c93e187490ca824&amp;apos;, time: &amp;apos;2016-03-15 10:43:46&amp;apos;
System info: host: &amp;apos;EBSI-HP4540-07&amp;apos;, ip: &amp;apos;192.168.3.136&amp;apos;, os.name: &amp;apos;Windows 7&amp;apos;, os.arch: &amp;apos;amd64&amp;apos;, os.version: &amp;apos;6.1&amp;apos;, java.version: &amp;apos;1.8.0_161&amp;apos;
Driver info: org.openqa.selenium.firefox.FirefoxDriver
Capabilities [{applicationCacheEnabled=true, rotatable=false, handlesAlerts=true, databaseEnabled=true, version=36.0.4, platform=WINDOWS, nativeEvents=false, acceptSslCerts=true, webStorageEnabled=true, locationContextEnabled=true, browserName=firefox, takesScreenshot=true, javascriptEnabled=true, cssSelectorsEnabled=true}]
Session ID: 1cf1b536-86a5-4317-bac4-f8071a46413e">
      <![CDATA[org.openqa.selenium.ElementNotVisibleException: Element is not currently visible and so may not be interacted with
Command duration or timeout: 84 milliseconds
Build info: version: '2.53.0', revision: '35ae25b1534ae328c771e0856c93e187490ca824', time: '2016-03-15 10:43:46'
System info: host: 'EBSI-HP4540-07', ip: '192.168.3.136', os.name: 'Windows 7', os.arch: 'amd64', os.version: '6.1', java.version: '1.8.0_161'
Driver info: org.openqa.selenium.firefox.FirefoxDriver
Capabilities [{applicationCacheEnabled=true, rotatable=false, handlesAlerts=true, databaseEnabled=true, version=36.0.4, platform=WINDOWS, nativeEvents=false, acceptSslCerts=true, webStorageEnabled=true, locationContextEnabled=true, browserName=firefox, takesScreenshot=true, javascriptEnabled=true, cssSelectorsEnabled=true}]
Session ID: 1cf1b536-86a5-4317-bac4-f8071a46413e
	at org.openqa.selenium.remote.ErrorHandler.createThrowable(ErrorHandler.java:206)
	at org.openqa.selenium.remote.ErrorHandler.throwIfResponseFailed(ErrorHandler.java:158)
	at org.openqa.selenium.remote.RemoteWebDriver.execute(RemoteWebDriver.java:678)
	at org.openqa.selenium.remote.RemoteWebElement.execute(RemoteWebElement.java:327)
	at org.openqa.selenium.remote.RemoteWebElement.click(RemoteWebElement.java:85)
	at com.eperium.jumpstart.JumpStartTestSuite.closeCookieWarning(JumpStartTestSuite.java:7095)
Caused by: org.openqa.selenium.ElementNotVisibleException: Element is not currently visible and so may not be interacted with
Build info: version: '2.53.0', revision: '35ae25b1534ae328c771e0856c93e187490ca824', time: '2016-03-15 10:43:46'
System info: host: 'EBSI-HP4540-07', ip: '192.168.3.136', os.name: 'Windows 7', os.arch: 'amd64', os.version: '6.1', java.version: '1.8.0_161'
Driver info: driver.version: unknown
	at <anonymous class>.fxdriver.preconditions.visible(file:///C:/Users/prakashs/AppData/Local/Temp/anonymous474849356309208958webdriver-profile/extensions/fxdriver@googlecode.com/components/command-processor.js:10092)
	at <anonymous class>.DelayedCommand.prototype.checkPreconditions_(file:///C:/Users/prakashs/AppData/Local/Temp/anonymous474849356309208958webdriver-profile/extensions/fxdriver@googlecode.com/components/command-processor.js:12644)
	at <anonymous class>.DelayedCommand.prototype.executeInternal_/h(file:///C:/Users/prakashs/AppData/Local/Temp/anonymous474849356309208958webdriver-profile/extensions/fxdriver@googlecode.com/components/command-processor.js:12661)
	at <anonymous class>.DelayedCommand.prototype.executeInternal_(file:///C:/Users/prakashs/AppData/Local/Temp/anonymous474849356309208958webdriver-profile/extensions/fxdriver@googlecode.com/components/command-processor.js:12666)
	at <anonymous class>.DelayedCommand.prototype.execute/<(file:///C:/Users/prakashs/AppData/Local/Temp/anonymous474849356309208958webdriver-profile/extensions/fxdriver@googlecode.com/components/command-processor.js:12608)
... Removed 29 stack frames]]>
    </failure>
  </testcase> <!-- closeCookieWarning -->
  <testcase name="enterAndSearchStringSTAR" time="47.853" classname="com.eperium.jumpstart.JumpStartTestSuite"/>
  <testcase name="checkItemPerPageDropDownOptions" time="1.089" classname="com.eperium.jumpstart.JumpStartTestSuite"/>
  <testcase name="select9ItemsPerPage" time="19.029" classname="com.eperium.jumpstart.JumpStartTestSuite"/>
  <testcase name="validate9ItemPerPage" time="0.238" classname="com.eperium.jumpstart.JumpStartTestSuite"/>
  <testcase name="select12ItemsPerPage" time="7.526" classname="com.eperium.jumpstart.JumpStartTestSuite"/>
  <testcase name="validate12ItemPerPage" time="0.212" classname="com.eperium.jumpstart.JumpStartTestSuite"/>
  <testcase name="select15ItemsPerPage" time="9.255" classname="com.eperium.jumpstart.JumpStartTestSuite"/>
  <testcase name="validate15ItemPerPage" time="0.182" classname="com.eperium.jumpstart.JumpStartTestSuite"/>
  <testcase name="select24ItemsPerPage" time="4.455" classname="com.eperium.jumpstart.JumpStartTestSuite"/>
  <testcase name="validate24ItemPerPage" time="20.211" classname="com.eperium.jumpstart.JumpStartTestSuite"/>
  <testcase name="changeChkoutAddress" time="0.0" classname="com.eperium.jumpstart.JumpStartTestSuite">
    <ignored/>
  </testcase> <!-- changeChkoutAddress -->
  <testcase name="updatePassword" time="0.0" classname="com.eperium.jumpstart.JumpStartTestSuite">
    <ignored/>
  </testcase> <!-- updatePassword -->
  <testcase name="saveOrderTemplateFromBundeledPDP" time="0.0" classname="com.eperium.jumpstart.JumpStartTestSuite">
    <ignored/>
  </testcase> <!-- saveOrderTemplateFromBundeledPDP -->
  <testcase name="verifyPackagingInfoOnAddressPage" time="0.0" classname="com.eperium.jumpstart.JumpStartTestSuite">
    <ignored/>
  </testcase> <!-- verifyPackagingInfoOnAddressPage -->
  <testcase name="changeSpecificDeliveryAddress" time="0.0" classname="com.eperium.jumpstart.JumpStartTestSuite">
    <ignored/>
  </testcase> <!-- changeSpecificDeliveryAddress -->
  <testcase name="editAddressDetailsAndDeleteCostCenter" time="0.0" classname="com.eperium.jumpstart.JumpStartTestSuite">
    <ignored/>
  </testcase> <!-- editAddressDetailsAndDeleteCostCenter -->
  <testcase name="viewUpdatedNameAtHeader" time="0.0" classname="com.eperium.jumpstart.JumpStartTestSuite">
    <ignored/>
  </testcase> <!-- viewUpdatedNameAtHeader -->
  <testcase name="gotoForgotPasswordPage" time="0.0" classname="com.eperium.jumpstart.JumpStartTestSuite">
    <ignored/>
  </testcase> <!-- gotoForgotPasswordPage -->
  <testcase name="validateQtyInOrderTemplate" time="0.0" classname="com.eperium.jumpstart.JumpStartTestSuite">
    <ignored/>
  </testcase> <!-- validateQtyInOrderTemplate -->
  <testcase name="filter" time="0.0" classname="com.eperium.jumpstart.JumpStartTestSuite">
    <ignored/>
  </testcase> <!-- filter -->
  <testcase name="gotoFifthPDP" time="0.0" classname="com.eperium.jumpstart.JumpStartTestSuite">
    <ignored/>
  </testcase> <!-- gotoFifthPDP -->
  <testcase name="openOrderTemplateAndAddProductToCartAndVerify" time="0.0" classname="com.eperium.jumpstart.JumpStartTestSuite">
    <ignored/>
  </testcase> <!-- openOrderTemplateAndAddProductToCartAndVerify -->
  <testcase name="viewUserNameOnDashboard" time="0.0" classname="com.eperium.jumpstart.JumpStartTestSuite">
    <ignored/>
  </testcase> <!-- viewUserNameOnDashboard -->
  <testcase name="validateItemPerPageDropDown" time="0.0" classname="com.eperium.jumpstart.JumpStartTestSuite">
    <ignored/>
  </testcase> <!-- validateItemPerPageDropDown -->
  <testcase name="gridToListView" time="0.0" classname="com.eperium.jumpstart.JumpStartTestSuite">
    <ignored/>
  </testcase> <!-- gridToListView -->
  <testcase name="openNewWindow" time="0.0" classname="com.eperium.jumpstart.JumpStartTestSuite">
    <ignored/>
  </testcase> <!-- openNewWindow -->
  <testcase name="resetUserName" time="0.0" classname="com.eperium.jumpstart.JumpStartTestSuite">
    <ignored/>
  </testcase> <!-- resetUserName -->
  <testcase name="loginCustomerBuyer" time="0.0" classname="com.eperium.jumpstart.JumpStartTestSuite">
    <ignored/>
  </testcase> <!-- loginCustomerBuyer -->
  <testcase name="addOrderTemplateFromMyAccount" time="0.0" classname="com.eperium.jumpstart.JumpStartTestSuite">
    <ignored/>
  </testcase> <!-- addOrderTemplateFromMyAccount -->
  <testcase name="paymentToConfirmOrderWithReference" time="0.0" classname="com.eperium.jumpstart.JumpStartTestSuite">
    <ignored/>
  </testcase> <!-- paymentToConfirmOrderWithReference -->
  <testcase name="shippmentPageValidateCartSummary" time="0.0" classname="com.eperium.jumpstart.JumpStartTestSuite">
    <ignored/>
  </testcase> <!-- shippmentPageValidateCartSummary -->
  <testcase name="uploadFileInvalidQtyNonnumeric" time="0.0" classname="com.eperium.jumpstart.JumpStartTestSuite">
    <ignored/>
  </testcase> <!-- uploadFileInvalidQtyNonnumeric -->
  <testcase name="getAndVerifyAddressDetailOnConfirmationPage" time="0.0" classname="com.eperium.jumpstart.JumpStartTestSuite">
    <ignored/>
  </testcase> <!-- getAndVerifyAddressDetailOnConfirmationPage -->
  <testcase name="gotoSavedAddressPage" time="0.0" classname="com.eperium.jumpstart.JumpStartTestSuite">
    <ignored/>
  </testcase> <!-- gotoSavedAddressPage -->
  <testcase name="verifyRegistrationPageBlankFields" time="0.0" classname="com.eperium.jumpstart.JumpStartTestSuite">
    <ignored/>
  </testcase> <!-- verifyRegistrationPageBlankFields -->
  <testcase name="verifyUserRole1" time="0.0" classname="com.eperium.jumpstart.JumpStartTestSuite">
    <ignored/>
  </testcase> <!-- verifyUserRole1 -->
  <testcase name="goToSolrPriceQuery" time="0.0" classname="com.eperium.jumpstart.JumpStartTestSuite">
    <ignored/>
  </testcase> <!-- goToSolrPriceQuery -->
  <testcase name="orderConfirmationWithMerchantMessage" time="0.0" classname="com.eperium.jumpstart.JumpStartTestSuite">
    <ignored/>
  </testcase> <!-- orderConfirmationWithMerchantMessage -->
  <testcase name="verifyUserRole2" time="0.0" classname="com.eperium.jumpstart.JumpStartTestSuite">
    <ignored/>
  </testcase> <!-- verifyUserRole2 -->
  <testcase name="editAddressDetailsAndAddCostCenter" time="0.0" classname="com.eperium.jumpstart.JumpStartTestSuite">
    <ignored/>
  </testcase> <!-- editAddressDetailsAndAddCostCenter -->
  <testcase name="passwordNotAlphanuneric" time="0.0" classname="com.eperium.jumpstart.JumpStartTestSuite">
    <ignored/>
  </testcase> <!-- passwordNotAlphanuneric -->
  <testcase name="addProductToCartFromLister" time="0.0" classname="com.eperium.jumpstart.JumpStartTestSuite">
    <ignored/>
  </testcase> <!-- addProductToCartFromLister -->
  <testcase name="goToChangePasswordPageAgain" time="0.0" classname="com.eperium.jumpstart.JumpStartTestSuite">
    <ignored/>
  </testcase> <!-- goToChangePasswordPageAgain -->
  <testcase name="goToChangePasswordPage" time="0.0" classname="com.eperium.jumpstart.JumpStartTestSuite">
    <ignored/>
  </testcase> <!-- goToChangePasswordPage -->
  <testcase name="closeQuickViewPopup" time="0.0" classname="com.eperium.jumpstart.JumpStartTestSuite">
    <ignored/>
  </testcase> <!-- closeQuickViewPopup -->
  <testcase name="navigatetoMyAccount1" time="0.0" classname="com.eperium.jumpstart.JumpStartTestSuite">
    <ignored/>
  </testcase> <!-- navigatetoMyAccount1 -->
  <testcase name="enterRefIdAndName" time="0.0" classname="com.eperium.jumpstart.JumpStartTestSuite">
    <ignored/>
  </testcase> <!-- enterRefIdAndName -->
  <testcase name="browseAssortimentCategory" time="0.0" classname="com.eperium.jumpstart.JumpStartTestSuite">
    <ignored/>
  </testcase> <!-- browseAssortimentCategory -->
  <testcase name="enterAndSearchStringDoubleWordWithAnd" time="0.0" classname="com.eperium.jumpstart.JumpStartTestSuite">
    <ignored/>
  </testcase> <!-- enterAndSearchStringDoubleWordWithAnd -->
  <testcase name="verifyMandatoryFieldsRefIdAndName" time="0.0" classname="com.eperium.jumpstart.JumpStartTestSuite">
    <ignored/>
  </testcase> <!-- verifyMandatoryFieldsRefIdAndName -->
  <testcase name="goToLoginPage2" time="0.0" classname="com.eperium.jumpstart.JumpStartTestSuite">
    <ignored/>
  </testcase> <!-- goToLoginPage2 -->
  <testcase name="addPDPToCompareListAndVerifyNavigation" time="0.0" classname="com.eperium.jumpstart.JumpStartTestSuite">
    <ignored/>
  </testcase> <!-- addPDPToCompareListAndVerifyNavigation -->
  <testcase name="goToLoginPage1" time="0.0" classname="com.eperium.jumpstart.JumpStartTestSuite">
    <ignored/>
  </testcase> <!-- goToLoginPage1 -->
  <testcase name="orderConfirmation" time="0.0" classname="com.eperium.jumpstart.JumpStartTestSuite">
    <ignored/>
  </testcase> <!-- orderConfirmation -->
  <testcase name="passwordMismatch" time="0.0" classname="com.eperium.jumpstart.JumpStartTestSuite">
    <ignored/>
  </testcase> <!-- passwordMismatch -->
  <testcase name="chkBlankSku" time="0.0" classname="com.eperium.jumpstart.JumpStartTestSuite">
    <ignored/>
  </testcase> <!-- chkBlankSku -->
  <testcase name="viewAddToCartBtnOrderTemplate" time="0.0" classname="com.eperium.jumpstart.JumpStartTestSuite">
    <ignored/>
  </testcase> <!-- viewAddToCartBtnOrderTemplate -->
  <testcase name="navigateToUserUpdateRolePage" time="0.0" classname="com.eperium.jumpstart.JumpStartTestSuite">
    <ignored/>
  </testcase> <!-- navigateToUserUpdateRolePage -->
  <testcase name="paymentToShippingPage" time="0.0" classname="com.eperium.jumpstart.JumpStartTestSuite">
    <ignored/>
  </testcase> <!-- paymentToShippingPage -->
  <testcase name="enterAndSearchStringNoProductFound" time="0.0" classname="com.eperium.jumpstart.JumpStartTestSuite">
    <ignored/>
  </testcase> <!-- enterAndSearchStringNoProductFound -->
  <testcase name="getPackagingInfoFromPDP" time="0.0" classname="com.eperium.jumpstart.JumpStartTestSuite">
    <ignored/>
  </testcase> <!-- getPackagingInfoFromPDP -->
  <testcase name="verifyAlternateAddressOrderConfirmationPage" time="0.0" classname="com.eperium.jumpstart.JumpStartTestSuite">
    <ignored/>
  </testcase> <!-- verifyAlternateAddressOrderConfirmationPage -->
  <testcase name="changeDeliveryAddress" time="0.0" classname="com.eperium.jumpstart.JumpStartTestSuite">
    <ignored/>
  </testcase> <!-- changeDeliveryAddress -->
  <testcase name="verifyInvalidPassword" time="0.0" classname="com.eperium.jumpstart.JumpStartTestSuite">
    <ignored/>
  </testcase> <!-- verifyInvalidPassword -->
  <testcase name="redirectCustomerToDashboard" time="0.0" classname="com.eperium.jumpstart.JumpStartTestSuite">
    <ignored/>
  </testcase> <!-- redirectCustomerToDashboard -->
  <testcase name="goToFaqPage" time="0.0" classname="com.eperium.jumpstart.JumpStartTestSuite">
    <ignored/>
  </testcase> <!-- goToFaqPage -->
  <testcase name="getAndVerifyAddressDetailOnAddressPage" time="0.0" classname="com.eperium.jumpstart.JumpStartTestSuite">
    <ignored/>
  </testcase> <!-- getAndVerifyAddressDetailOnAddressPage -->
  <testcase name="chkAddAtHeader" time="0.0" classname="com.eperium.jumpstart.JumpStartTestSuite">
    <ignored/>
  </testcase> <!-- chkAddAtHeader -->
  <testcase name="verifyQuote" time="0.0" classname="com.eperium.jumpstart.JumpStartTestSuite">
    <ignored/>
  </testcase> <!-- verifyQuote -->
  <testcase name="verifyCustomer" time="0.0" classname="com.eperium.jumpstart.JumpStartTestSuite">
    <ignored/>
  </testcase> <!-- verifyCustomer -->
  <testcase name="chkShowAll" time="0.0" classname="com.eperium.jumpstart.JumpStartTestSuite">
    <ignored/>
  </testcase> <!-- chkShowAll -->
  <testcase name="navigatetoAllOrderTemplatePageAgain" time="0.0" classname="com.eperium.jumpstart.JumpStartTestSuite">
    <ignored/>
  </testcase> <!-- navigatetoAllOrderTemplatePageAgain -->
  <testcase name="selectAndEnterAlternateAddress" time="0.0" classname="com.eperium.jumpstart.JumpStartTestSuite">
    <ignored/>
  </testcase> <!-- selectAndEnterAlternateAddress -->
  <testcase name="addProductToOrderTemplateFromPDP" time="0.0" classname="com.eperium.jumpstart.JumpStartTestSuite">
    <ignored/>
  </testcase> <!-- addProductToOrderTemplateFromPDP -->
  <testcase name="VerifyPDPProspect" time="0.0" classname="com.eperium.jumpstart.JumpStartTestSuite">
    <ignored/>
  </testcase> <!-- VerifyPDPProspect -->
  <testcase name="clickOnMyAccountLink" time="0.0" classname="com.eperium.jumpstart.JumpStartTestSuite">
    <ignored/>
  </testcase> <!-- clickOnMyAccountLink -->
  <testcase name="gotoAllOrderTemplatePage" time="0.0" classname="com.eperium.jumpstart.JumpStartTestSuite">
    <ignored/>
  </testcase> <!-- gotoAllOrderTemplatePage -->
  <testcase name="PackagingInfoListerpage" time="0.0" classname="com.eperium.jumpstart.JumpStartTestSuite">
    <ignored/>
  </testcase> <!-- PackagingInfoListerpage -->
  <testcase name="verifyProspect" time="0.0" classname="com.eperium.jumpstart.JumpStartTestSuite">
    <ignored/>
  </testcase> <!-- verifyProspect -->
  <testcase name="navigateOrderDetailPage" time="0.0" classname="com.eperium.jumpstart.JumpStartTestSuite">
    <ignored/>
  </testcase> <!-- navigateOrderDetailPage -->
  <testcase name="enterAndSearchStringSpecialCharacters" time="0.0" classname="com.eperium.jumpstart.JumpStartTestSuite">
    <ignored/>
  </testcase> <!-- enterAndSearchStringSpecialCharacters -->
  <testcase name="shippingToDeliveryAddressPage" time="0.0" classname="com.eperium.jumpstart.JumpStartTestSuite">
    <ignored/>
  </testcase> <!-- shippingToDeliveryAddressPage -->
  <testcase name="getProductSkuAndOpenQuotePopUp" time="0.0" classname="com.eperium.jumpstart.JumpStartTestSuite">
    <ignored/>
  </testcase> <!-- getProductSkuAndOpenQuotePopUp -->
  <testcase name="addFirstPDPToCompareList" time="0.0" classname="com.eperium.jumpstart.JumpStartTestSuite">
    <ignored/>
  </testcase> <!-- addFirstPDPToCompareList -->
  <testcase name="verifyAlternateAddressPaymentConfirmationPage" time="0.0" classname="com.eperium.jumpstart.JumpStartTestSuite">
    <ignored/>
  </testcase> <!-- verifyAlternateAddressPaymentConfirmationPage -->
  <testcase name="getCustomerAddress" time="0.0" classname="com.eperium.jumpstart.JumpStartTestSuite">
    <ignored/>
  </testcase> <!-- getCustomerAddress -->
  <testcase name="uploadValidCsvAtQuickOrder" time="0.0" classname="com.eperium.jumpstart.JumpStartTestSuite">
    <ignored/>
  </testcase> <!-- uploadValidCsvAtQuickOrder -->
  <testcase name="sortAtoZ" time="0.0" classname="com.eperium.jumpstart.JumpStartTestSuite">
    <ignored/>
  </testcase> <!-- sortAtoZ -->
  <testcase name="addProductToCartFromComparePageAndVerify" time="0.0" classname="com.eperium.jumpstart.JumpStartTestSuite">
    <ignored/>
  </testcase> <!-- addProductToCartFromComparePageAndVerify -->
  <testcase name="navigatetoMyAccount" time="0.0" classname="com.eperium.jumpstart.JumpStartTestSuite">
    <ignored/>
  </testcase> <!-- navigatetoMyAccount -->
  <testcase name="validateforgotPasswordConfirmationMesssage" time="0.0" classname="com.eperium.jumpstart.JumpStartTestSuite">
    <ignored/>
  </testcase> <!-- validateforgotPasswordConfirmationMesssage -->
  <testcase name="rollBackCompanyDetails" time="0.0" classname="com.eperium.jumpstart.JumpStartTestSuite">
    <ignored/>
  </testcase> <!-- rollBackCompanyDetails -->
  <testcase name="getCartDetails1" time="0.0" classname="com.eperium.jumpstart.JumpStartTestSuite">
    <ignored/>
  </testcase> <!-- getCartDetails1 -->
  <testcase name="addProductToOrderTemplateFromPDPWithQTYFive" time="0.0" classname="com.eperium.jumpstart.JumpStartTestSuite">
    <ignored/>
  </testcase> <!-- addProductToOrderTemplateFromPDPWithQTYFive -->
  <testcase name="saveOrderTemplate2" time="0.0" classname="com.eperium.jumpstart.JumpStartTestSuite">
    <ignored/>
  </testcase> <!-- saveOrderTemplate2 -->
  <testcase name="goToLoginPage" time="0.0" classname="com.eperium.jumpstart.JumpStartTestSuite">
    <ignored/>
  </testcase> <!-- goToLoginPage -->
  <testcase name="mandatoryFieldValidation" time="0.0" classname="com.eperium.jumpstart.JumpStartTestSuite">
    <ignored/>
  </testcase> <!-- mandatoryFieldValidation -->
  <testcase name="gotoAllOrderTemplatePage1" time="0.0" classname="com.eperium.jumpstart.JumpStartTestSuite">
    <ignored/>
  </testcase> <!-- gotoAllOrderTemplatePage1 -->
  <testcase name="navigateToPDP1" time="0.0" classname="com.eperium.jumpstart.JumpStartTestSuite">
    <ignored/>
  </testcase> <!-- navigateToPDP1 -->
  <testcase name="addBlankOrderTemplateToBlankBasket" time="0.0" classname="com.eperium.jumpstart.JumpStartTestSuite">
    <ignored/>
  </testcase> <!-- addBlankOrderTemplateToBlankBasket -->
  <testcase name="deleteAllOrderTemplate" time="0.0" classname="com.eperium.jumpstart.JumpStartTestSuite">
    <ignored/>
  </testcase> <!-- deleteAllOrderTemplate -->
  <testcase name="passwordNotUppercaseLetter" time="0.0" classname="com.eperium.jumpstart.JumpStartTestSuite">
    <ignored/>
  </testcase> <!-- passwordNotUppercaseLetter -->
  <testcase name="addBlankOrderTemplate" time="0.0" classname="com.eperium.jumpstart.JumpStartTestSuite">
    <ignored/>
  </testcase> <!-- addBlankOrderTemplate -->
  <testcase name="chkBlankQty" time="0.0" classname="com.eperium.jumpstart.JumpStartTestSuite">
    <ignored/>
  </testcase> <!-- chkBlankQty -->
  <testcase name="sendQuoteDetails" time="0.0" classname="com.eperium.jumpstart.JumpStartTestSuite">
    <ignored/>
  </testcase> <!-- sendQuoteDetails -->
  <testcase name="addSecondPDPToCompareList" time="0.0" classname="com.eperium.jumpstart.JumpStartTestSuite">
    <ignored/>
  </testcase> <!-- addSecondPDPToCompareList -->
  <testcase name="enterContactDetails" time="0.0" classname="com.eperium.jumpstart.JumpStartTestSuite">
    <ignored/>
  </testcase> <!-- enterContactDetails -->
  <testcase name="enterAndSearchStringSTAR3" time="0.0" classname="com.eperium.jumpstart.JumpStartTestSuite">
    <ignored/>
  </testcase> <!-- enterAndSearchStringSTAR3 -->
  <testcase name="validateEstimatedTotal" time="0.0" classname="com.eperium.jumpstart.JumpStartTestSuite">
    <ignored/>
  </testcase> <!-- validateEstimatedTotal -->
  <testcase name="enterAndSearchStringSTAR1" time="0.0" classname="com.eperium.jumpstart.JumpStartTestSuite">
    <ignored/>
  </testcase> <!-- enterAndSearchStringSTAR1 -->
  <testcase name="loginCustomerAccountAdmin" time="0.0" classname="com.eperium.jumpstart.JumpStartTestSuite">
    <ignored/>
  </testcase> <!-- loginCustomerAccountAdmin -->
  <testcase name="moveToOrderTemplateDetailPage" time="0.0" classname="com.eperium.jumpstart.JumpStartTestSuite">
    <ignored/>
  </testcase> <!-- moveToOrderTemplateDetailPage -->
  <testcase name="registrationEnterValuesAndVerifyForExistingEmailID" time="0.0" classname="com.eperium.jumpstart.JumpStartTestSuite">
    <ignored/>
  </testcase> <!-- registrationEnterValuesAndVerifyForExistingEmailID -->
  <testcase name="addressPageValidateOrderSummary" time="0.0" classname="com.eperium.jumpstart.JumpStartTestSuite">
    <ignored/>
  </testcase> <!-- addressPageValidateOrderSummary -->
  <testcase name="addProductToOrderTemplateFromPDPWithQTYTen" time="0.0" classname="com.eperium.jumpstart.JumpStartTestSuite">
    <ignored/>
  </testcase> <!-- addProductToOrderTemplateFromPDPWithQTYTen -->
  <testcase name="enterAndSearchStringSTAR2" time="0.0" classname="com.eperium.jumpstart.JumpStartTestSuite">
    <ignored/>
  </testcase> <!-- enterAndSearchStringSTAR2 -->
  <testcase name="goToContactUsPage" time="0.0" classname="com.eperium.jumpstart.JumpStartTestSuite">
    <ignored/>
  </testcase> <!-- goToContactUsPage -->
  <testcase name="paymentPageValidateCartSummary" time="0.0" classname="com.eperium.jumpstart.JumpStartTestSuite">
    <ignored/>
  </testcase> <!-- paymentPageValidateCartSummary -->
  <testcase name="chkCookieWarningAppear" time="0.0" classname="com.eperium.jumpstart.JumpStartTestSuite">
    <ignored/>
  </testcase> <!-- chkCookieWarningAppear -->
  <testcase name="getAndVerifyAddressDetailOnShippingPage" time="0.0" classname="com.eperium.jumpstart.JumpStartTestSuite">
    <ignored/>
  </testcase> <!-- getAndVerifyAddressDetailOnShippingPage -->
  <testcase name="gotoFourthPDP" time="0.0" classname="com.eperium.jumpstart.JumpStartTestSuite">
    <ignored/>
  </testcase> <!-- gotoFourthPDP -->
  <testcase name="enterAndSearchStringSingleWord" time="0.0" classname="com.eperium.jumpstart.JumpStartTestSuite">
    <ignored/>
  </testcase> <!-- enterAndSearchStringSingleWord -->
  <testcase name="viewUserNameAtHeader" time="0.0" classname="com.eperium.jumpstart.JumpStartTestSuite">
    <ignored/>
  </testcase> <!-- viewUserNameAtHeader -->
  <testcase name="goToCartFromQuickView" time="0.0" classname="com.eperium.jumpstart.JumpStartTestSuite">
    <ignored/>
  </testcase> <!-- goToCartFromQuickView -->
  <testcase name="navigateToOrderTempateDetailPage" time="0.0" classname="com.eperium.jumpstart.JumpStartTestSuite">
    <ignored/>
  </testcase> <!-- navigateToOrderTempateDetailPage -->
  <testcase name="validateCartSubTotal" time="0.0" classname="com.eperium.jumpstart.JumpStartTestSuite">
    <ignored/>
  </testcase> <!-- validateCartSubTotal -->
  <testcase name="checkSalesUnitOfUuid" time="0.0" classname="com.eperium.jumpstart.JumpStartTestSuite">
    <ignored/>
  </testcase> <!-- checkSalesUnitOfUuid -->
  <testcase name="chkbrowsedProductsInRecentView" time="0.0" classname="com.eperium.jumpstart.JumpStartTestSuite">
    <ignored/>
  </testcase> <!-- chkbrowsedProductsInRecentView -->
  <testcase name="navigateToPDP" time="0.0" classname="com.eperium.jumpstart.JumpStartTestSuite">
    <ignored/>
  </testcase> <!-- navigateToPDP -->
  <testcase name="VerifyPDPCustomer" time="0.0" classname="com.eperium.jumpstart.JumpStartTestSuite">
    <ignored/>
  </testcase> <!-- VerifyPDPCustomer -->
  <testcase name="loginCustomerApprover" time="0.0" classname="com.eperium.jumpstart.JumpStartTestSuite">
    <ignored/>
  </testcase> <!-- loginCustomerApprover -->
  <testcase name="passwordNotLowerCaseLetter" time="0.0" classname="com.eperium.jumpstart.JumpStartTestSuite">
    <ignored/>
  </testcase> <!-- passwordNotLowerCaseLetter -->
  <testcase name="addProductToOrderTemplateFromListView" time="0.0" classname="com.eperium.jumpstart.JumpStartTestSuite">
    <ignored/>
  </testcase> <!-- addProductToOrderTemplateFromListView -->
  <testcase name="chkHideAll" time="0.0" classname="com.eperium.jumpstart.JumpStartTestSuite">
    <ignored/>
  </testcase> <!-- chkHideAll -->
  <testcase name="saveOrderTemplateFromListView" time="0.0" classname="com.eperium.jumpstart.JumpStartTestSuite">
    <ignored/>
  </testcase> <!-- saveOrderTemplateFromListView -->
  <testcase name="saveUser" time="0.0" classname="com.eperium.jumpstart.JumpStartTestSuite">
    <ignored/>
  </testcase> <!-- saveUser -->
  <testcase name="chkBlankSkuQty" time="0.0" classname="com.eperium.jumpstart.JumpStartTestSuite">
    <ignored/>
  </testcase> <!-- chkBlankSkuQty -->
  <testcase name="getCartDetails" time="0.0" classname="com.eperium.jumpstart.JumpStartTestSuite">
    <ignored/>
  </testcase> <!-- getCartDetails -->
  <testcase name="updateCompanyDetails" time="0.0" classname="com.eperium.jumpstart.JumpStartTestSuite">
    <ignored/>
  </testcase> <!-- updateCompanyDetails -->
  <testcase name="getAndVerifyACustomerDetailOnConfirmationPage" time="0.0" classname="com.eperium.jumpstart.JumpStartTestSuite">
    <ignored/>
  </testcase> <!-- getAndVerifyACustomerDetailOnConfirmationPage -->
  <testcase name="createQueryToChangePrice" time="0.0" classname="com.eperium.jumpstart.JumpStartTestSuite">
    <ignored/>
  </testcase> <!-- createQueryToChangePrice -->
  <testcase name="browseProductsFromListView" time="0.0" classname="com.eperium.jumpstart.JumpStartTestSuite">
    <ignored/>
  </testcase> <!-- browseProductsFromListView -->
  <testcase name="getAndVerifyCustomerDetailOnAddressPage" time="0.0" classname="com.eperium.jumpstart.JumpStartTestSuite">
    <ignored/>
  </testcase> <!-- getAndVerifyCustomerDetailOnAddressPage -->
  <testcase name="getCustomerName" time="0.0" classname="com.eperium.jumpstart.JumpStartTestSuite">
    <ignored/>
  </testcase> <!-- getCustomerName -->
  <testcase name="clickOnKingLogo" time="0.0" classname="com.eperium.jumpstart.JumpStartTestSuite">
    <ignored/>
  </testcase> <!-- clickOnKingLogo -->
  <testcase name="chkValidSkuInvalidQty" time="0.0" classname="com.eperium.jumpstart.JumpStartTestSuite">
    <ignored/>
  </testcase> <!-- chkValidSkuInvalidQty -->
  <testcase name="LimitCountryList" time="0.0" classname="com.eperium.jumpstart.JumpStartTestSuite">
    <ignored/>
  </testcase> <!-- LimitCountryList -->
  <testcase name="EnterUnregisteredEmailAddressAndClickOKButton" time="0.0" classname="com.eperium.jumpstart.JumpStartTestSuite">
    <ignored/>
  </testcase> <!-- EnterUnregisteredEmailAddressAndClickOKButton -->
  <testcase name="completeRegistration" time="0.0" classname="com.eperium.jumpstart.JumpStartTestSuite">
    <ignored/>
  </testcase> <!-- completeRegistration -->
  <testcase name="verifyBlankOrderTemplateName" time="0.0" classname="com.eperium.jumpstart.JumpStartTestSuite">
    <ignored/>
  </testcase> <!-- verifyBlankOrderTemplateName -->
  <testcase name="verifyLoginPageBlankFields" time="0.0" classname="com.eperium.jumpstart.JumpStartTestSuite">
    <ignored/>
  </testcase> <!-- verifyLoginPageBlankFields -->
  <testcase name="setPreferredIdToRevoke" time="0.0" classname="com.eperium.jumpstart.JumpStartTestSuite">
    <ignored/>
  </testcase> <!-- setPreferredIdToRevoke -->
  <testcase name="loginAccountAdminInNewWindow" time="0.0" classname="com.eperium.jumpstart.JumpStartTestSuite">
    <ignored/>
  </testcase> <!-- loginAccountAdminInNewWindow -->
  <testcase name="enterPDPSkuAndPrice" time="0.0" classname="com.eperium.jumpstart.JumpStartTestSuite">
    <ignored/>
  </testcase> <!-- enterPDPSkuAndPrice -->
  <testcase name="browseChkCookieWarningNotAppear" time="0.0" classname="com.eperium.jumpstart.JumpStartTestSuite">
    <ignored/>
  </testcase> <!-- browseChkCookieWarningNotAppear -->
  <testcase name="validateOrdertoDefaultOrderTemplate" time="0.0" classname="com.eperium.jumpstart.JumpStartTestSuite">
    <ignored/>
  </testcase> <!-- validateOrdertoDefaultOrderTemplate -->
  <testcase name="browseProductsFromGridView" time="0.0" classname="com.eperium.jumpstart.JumpStartTestSuite">
    <ignored/>
  </testcase> <!-- browseProductsFromGridView -->
  <testcase name="openSecondOrderTemplateAndVerifyProduct" time="0.0" classname="com.eperium.jumpstart.JumpStartTestSuite">
    <ignored/>
  </testcase> <!-- openSecondOrderTemplateAndVerifyProduct -->
  <testcase name="GoToSecondPage" time="0.0" classname="com.eperium.jumpstart.JumpStartTestSuite">
    <ignored/>
  </testcase> <!-- GoToSecondPage -->
  <testcase name="navigateChangeEmailPage" time="0.0" classname="com.eperium.jumpstart.JumpStartTestSuite">
    <ignored/>
  </testcase> <!-- navigateChangeEmailPage -->
  <testcase name="ValidateViaAddingDuplicateCostCenter" time="0.0" classname="com.eperium.jumpstart.JumpStartTestSuite">
    <ignored/>
  </testcase> <!-- ValidateViaAddingDuplicateCostCenter -->
  <testcase name="cancelChangeCompanyProfile" time="0.0" classname="com.eperium.jumpstart.JumpStartTestSuite">
    <ignored/>
  </testcase> <!-- cancelChangeCompanyProfile -->
  <testcase name="addProductToOrderTemplateFromCart" time="0.0" classname="com.eperium.jumpstart.JumpStartTestSuite">
    <ignored/>
  </testcase> <!-- addProductToOrderTemplateFromCart -->
  <testcase name="goToResistrationPage3" time="0.0" classname="com.eperium.jumpstart.JumpStartTestSuite">
    <ignored/>
  </testcase> <!-- goToResistrationPage3 -->
  <testcase name="enterForSearchStringSTAR" time="0.0" classname="com.eperium.jumpstart.JumpStartTestSuite">
    <ignored/>
  </testcase> <!-- enterForSearchStringSTAR -->
  <testcase name="guestViewMiniCart" time="0.0" classname="com.eperium.jumpstart.JumpStartTestSuite">
    <ignored/>
  </testcase> <!-- guestViewMiniCart -->
  <testcase name="goToResistrationPage2" time="0.0" classname="com.eperium.jumpstart.JumpStartTestSuite">
    <ignored/>
  </testcase> <!-- goToResistrationPage2 -->
  <testcase name="goToResistrationPage4" time="0.0" classname="com.eperium.jumpstart.JumpStartTestSuite">
    <ignored/>
  </testcase> <!-- goToResistrationPage4 -->
  <testcase name="goToResistrationPage1" time="0.0" classname="com.eperium.jumpstart.JumpStartTestSuite">
    <ignored/>
  </testcase> <!-- goToResistrationPage1 -->
  <testcase name="addProducttoCartFromPDP1" time="0.0" classname="com.eperium.jumpstart.JumpStartTestSuite">
    <ignored/>
  </testcase> <!-- addProducttoCartFromPDP1 -->
  <testcase name="addtocartQuickView" time="0.0" classname="com.eperium.jumpstart.JumpStartTestSuite">
    <ignored/>
  </testcase> <!-- addtocartQuickView -->
  <testcase name="listView" time="0.0" classname="com.eperium.jumpstart.JumpStartTestSuite">
    <ignored/>
  </testcase> <!-- listView -->
  <testcase name="removeProductAndVerifyCart" time="0.0" classname="com.eperium.jumpstart.JumpStartTestSuite">
    <ignored/>
  </testcase> <!-- removeProductAndVerifyCart -->
  <testcase name="changeCostCenter" time="0.0" classname="com.eperium.jumpstart.JumpStartTestSuite">
    <ignored/>
  </testcase> <!-- changeCostCenter -->
  <testcase name="SelectALLAddress" time="0.0" classname="com.eperium.jumpstart.JumpStartTestSuite">
    <ignored/>
  </testcase> <!-- SelectALLAddress -->
  <testcase name="viewTopOnScrollDown" time="0.0" classname="com.eperium.jumpstart.JumpStartTestSuite">
    <ignored/>
  </testcase> <!-- viewTopOnScrollDown -->
  <testcase name="cancelChangeYourProfile" time="0.0" classname="com.eperium.jumpstart.JumpStartTestSuite">
    <ignored/>
  </testcase> <!-- cancelChangeYourProfile -->
  <testcase name="openFirstOrderTemplateIncreaseQTYAndMoveProduct" time="0.0" classname="com.eperium.jumpstart.JumpStartTestSuite">
    <ignored/>
  </testcase> <!-- openFirstOrderTemplateIncreaseQTYAndMoveProduct -->
  <testcase name="updateYourDetails" time="0.0" classname="com.eperium.jumpstart.JumpStartTestSuite">
    <ignored/>
  </testcase> <!-- updateYourDetails -->
  <testcase name="OrderTemplateDetailPage" time="0.0" classname="com.eperium.jumpstart.JumpStartTestSuite">
    <ignored/>
  </testcase> <!-- OrderTemplateDetailPage -->
  <testcase name="assignCatalogk" time="0.0" classname="com.eperium.jumpstart.JumpStartTestSuite">
    <ignored/>
  </testcase> <!-- assignCatalogk -->
  <testcase name="uploadFileInvalidMissingSkuQty" time="0.0" classname="com.eperium.jumpstart.JumpStartTestSuite">
    <ignored/>
  </testcase> <!-- uploadFileInvalidMissingSkuQty -->
  <testcase name="addThirdPDPToCompareList" time="0.0" classname="com.eperium.jumpstart.JumpStartTestSuite">
    <ignored/>
  </testcase> <!-- addThirdPDPToCompareList -->
  <testcase name="passwordLessThenSixCharacters" time="0.0" classname="com.eperium.jumpstart.JumpStartTestSuite">
    <ignored/>
  </testcase> <!-- passwordLessThenSixCharacters -->
  <testcase name="gotoSecondPDP" time="0.0" classname="com.eperium.jumpstart.JumpStartTestSuite">
    <ignored/>
  </testcase> <!-- gotoSecondPDP -->
  <testcase name="fillInChangeLocale" time="0.0" classname="com.eperium.jumpstart.JumpStartTestSuite">
    <ignored/>
  </testcase> <!-- fillInChangeLocale -->
  <testcase name="paymentToConfirmOrder" time="0.0" classname="com.eperium.jumpstart.JumpStartTestSuite">
    <ignored/>
  </testcase> <!-- paymentToConfirmOrder -->
  <testcase name="resetQuickOrderForm" time="0.0" classname="com.eperium.jumpstart.JumpStartTestSuite">
    <ignored/>
  </testcase> <!-- resetQuickOrderForm -->
  <testcase name="assignAddressk" time="0.0" classname="com.eperium.jumpstart.JumpStartTestSuite">
    <ignored/>
  </testcase> <!-- assignAddressk -->
  <testcase name="verifyPackagingInfoOnPaymentPage" time="0.0" classname="com.eperium.jumpstart.JumpStartTestSuite">
    <ignored/>
  </testcase> <!-- verifyPackagingInfoOnPaymentPage -->
  <testcase name="addressPageValidateCartSummary" time="0.0" classname="com.eperium.jumpstart.JumpStartTestSuite">
    <ignored/>
  </testcase> <!-- addressPageValidateCartSummary -->
  <testcase name="saveChanges" time="0.0" classname="com.eperium.jumpstart.JumpStartTestSuite">
    <ignored/>
  </testcase> <!-- saveChanges -->
  <testcase name="shippmentPageValidateOrderSummary" time="0.0" classname="com.eperium.jumpstart.JumpStartTestSuite">
    <ignored/>
  </testcase> <!-- shippmentPageValidateOrderSummary -->
  <testcase name="navigateToUpdateCompanyProfilePage" time="0.0" classname="com.eperium.jumpstart.JumpStartTestSuite">
    <ignored/>
  </testcase> <!-- navigateToUpdateCompanyProfilePage -->
  <testcase name="setUuidForPriceChangeInSolr" time="0.0" classname="com.eperium.jumpstart.JumpStartTestSuite">
    <ignored/>
  </testcase> <!-- setUuidForPriceChangeInSolr -->
  <testcase name="addOrderTemplateFromDetailPage" time="0.0" classname="com.eperium.jumpstart.JumpStartTestSuite">
    <ignored/>
  </testcase> <!-- addOrderTemplateFromDetailPage -->
  <testcase name="addProducttoCartFromQuickView" time="0.0" classname="com.eperium.jumpstart.JumpStartTestSuite">
    <ignored/>
  </testcase> <!-- addProducttoCartFromQuickView -->
  <testcase name="loginProspectUser" time="0.0" classname="com.eperium.jumpstart.JumpStartTestSuite">
    <ignored/>
  </testcase> <!-- loginProspectUser -->
  <testcase name="loginProspect" time="0.0" classname="com.eperium.jumpstart.JumpStartTestSuite">
    <ignored/>
  </testcase> <!-- loginProspect -->
  <testcase name="uncheckTermsCheckbox" time="0.0" classname="com.eperium.jumpstart.JumpStartTestSuite">
    <ignored/>
  </testcase> <!-- uncheckTermsCheckbox -->
  <testcase name="addUser" time="0.0" classname="com.eperium.jumpstart.JumpStartTestSuite">
    <ignored/>
  </testcase> <!-- addUser -->
  <testcase name="GoToFourthPage" time="0.0" classname="com.eperium.jumpstart.JumpStartTestSuite">
    <ignored/>
  </testcase> <!-- GoToFourthPage -->
  <testcase name="GoTothirdPage" time="0.0" classname="com.eperium.jumpstart.JumpStartTestSuite">
    <ignored/>
  </testcase> <!-- GoTothirdPage -->
  <testcase name="navigateToOrderTempateDetailPage2" time="0.0" classname="com.eperium.jumpstart.JumpStartTestSuite">
    <ignored/>
  </testcase> <!-- navigateToOrderTempateDetailPage2 -->
  <testcase name="saveOrderTemplateCart" time="0.0" classname="com.eperium.jumpstart.JumpStartTestSuite">
    <ignored/>
  </testcase> <!-- saveOrderTemplateCart -->
  <testcase name="navigateToBundledPDP" time="0.0" classname="com.eperium.jumpstart.JumpStartTestSuite">
    <ignored/>
  </testcase> <!-- navigateToBundledPDP -->
  <testcase name="openFirstOrderTemplateDecreaseQTYAndMoveProduct" time="0.0" classname="com.eperium.jumpstart.JumpStartTestSuite">
    <ignored/>
  </testcase> <!-- openFirstOrderTemplateDecreaseQTYAndMoveProduct -->
  <testcase name="navEmailSignUp" time="0.0" classname="com.eperium.jumpstart.JumpStartTestSuite">
    <ignored/>
  </testcase> <!-- navEmailSignUp -->
  <testcase name="verifyUserRole" time="0.0" classname="com.eperium.jumpstart.JumpStartTestSuite">
    <ignored/>
  </testcase> <!-- verifyUserRole -->
  <testcase name="verifyAlternateAddressShipmentPage" time="0.0" classname="com.eperium.jumpstart.JumpStartTestSuite">
    <ignored/>
  </testcase> <!-- verifyAlternateAddressShipmentPage -->
  <testcase name="logoutChkHeader" time="0.0" classname="com.eperium.jumpstart.JumpStartTestSuite">
    <ignored/>
  </testcase> <!-- logoutChkHeader -->
  <testcase name="reLoginProspectWithChangedPassword" time="0.0" classname="com.eperium.jumpstart.JumpStartTestSuite">
    <ignored/>
  </testcase> <!-- reLoginProspectWithChangedPassword -->
  <testcase name="uploadFileInvalidFileExtn" time="0.0" classname="com.eperium.jumpstart.JumpStartTestSuite">
    <ignored/>
  </testcase> <!-- uploadFileInvalidFileExtn -->
  <testcase name="verifyPackagingInfoOnOrderConfirmationPage" time="0.0" classname="com.eperium.jumpstart.JumpStartTestSuite">
    <ignored/>
  </testcase> <!-- verifyPackagingInfoOnOrderConfirmationPage -->
  <testcase name="DeleteAllCostCenter" time="0.0" classname="com.eperium.jumpstart.JumpStartTestSuite">
    <ignored/>
  </testcase> <!-- DeleteAllCostCenter -->
  <testcase name="verifyPackagingInfoOnCartPage" time="0.0" classname="com.eperium.jumpstart.JumpStartTestSuite">
    <ignored/>
  </testcase> <!-- verifyPackagingInfoOnCartPage -->
  <testcase name="openPDP" time="0.0" classname="com.eperium.jumpstart.JumpStartTestSuite">
    <ignored/>
  </testcase> <!-- openPDP -->
  <testcase name="loginForOrderTemplate" time="0.0" classname="com.eperium.jumpstart.JumpStartTestSuite">
    <ignored/>
  </testcase> <!-- loginForOrderTemplate -->
  <testcase name="getAndVerifyCustomerDetailOnPaymentPage" time="0.0" classname="com.eperium.jumpstart.JumpStartTestSuite">
    <ignored/>
  </testcase> <!-- getAndVerifyCustomerDetailOnPaymentPage -->
  <testcase name="SelectAddress" time="0.0" classname="com.eperium.jumpstart.JumpStartTestSuite">
    <ignored/>
  </testcase> <!-- SelectAddress -->
  <testcase name="cancelChangeEmail" time="0.0" classname="com.eperium.jumpstart.JumpStartTestSuite">
    <ignored/>
  </testcase> <!-- cancelChangeEmail -->
  <testcase name="chkSingleQueAns" time="0.0" classname="com.eperium.jumpstart.JumpStartTestSuite">
    <ignored/>
  </testcase> <!-- chkSingleQueAns -->
  <testcase name="verifyPackagingInfoOnShipment" time="0.0" classname="com.eperium.jumpstart.JumpStartTestSuite">
    <ignored/>
  </testcase> <!-- verifyPackagingInfoOnShipment -->
  <testcase name="addProducttoCartFromBundledPDP" time="0.0" classname="com.eperium.jumpstart.JumpStartTestSuite">
    <ignored/>
  </testcase> <!-- addProducttoCartFromBundledPDP -->
  <testcase name="closeNewWindow" time="0.0" classname="com.eperium.jumpstart.JumpStartTestSuite">
    <ignored/>
  </testcase> <!-- closeNewWindow -->
  <testcase name="openQuickOrderPage" time="0.0" classname="com.eperium.jumpstart.JumpStartTestSuite">
    <ignored/>
  </testcase> <!-- openQuickOrderPage -->
  <testcase name="uploadFileInvalidSku" time="0.0" classname="com.eperium.jumpstart.JumpStartTestSuite">
    <ignored/>
  </testcase> <!-- uploadFileInvalidSku -->
  <testcase name="quickOrdertoCart" time="0.0" classname="com.eperium.jumpstart.JumpStartTestSuite">
    <ignored/>
  </testcase> <!-- quickOrdertoCart -->
  <testcase name="getAndVerifyCustomerDetailOnShippingPage" time="0.0" classname="com.eperium.jumpstart.JumpStartTestSuite">
    <ignored/>
  </testcase> <!-- getAndVerifyCustomerDetailOnShippingPage -->
  <testcase name="changeDA" time="0.0" classname="com.eperium.jumpstart.JumpStartTestSuite">
    <ignored/>
  </testcase> <!-- changeDA -->
  <testcase name="saveOrderTemplate" time="0.0" classname="com.eperium.jumpstart.JumpStartTestSuite">
    <ignored/>
  </testcase> <!-- saveOrderTemplate -->
  <testcase name="paymentPageValidateOrderSummary" time="0.0" classname="com.eperium.jumpstart.JumpStartTestSuite">
    <ignored/>
  </testcase> <!-- paymentPageValidateOrderSummary -->
  <testcase name="navigatetoAllOrderTemplatePage" time="0.0" classname="com.eperium.jumpstart.JumpStartTestSuite">
    <ignored/>
  </testcase> <!-- navigatetoAllOrderTemplatePage -->
  <testcase name="saveOrderTemplateFromCart" time="0.0" classname="com.eperium.jumpstart.JumpStartTestSuite">
    <ignored/>
  </testcase> <!-- saveOrderTemplateFromCart -->
  <testcase name="deleteAllProductsFromComparePage" time="0.0" classname="com.eperium.jumpstart.JumpStartTestSuite">
    <ignored/>
  </testcase> <!-- deleteAllProductsFromComparePage -->
  <testcase name="ValidateforgotPasswordMandatoryField" time="0.0" classname="com.eperium.jumpstart.JumpStartTestSuite">
    <ignored/>
  </testcase> <!-- ValidateforgotPasswordMandatoryField -->
  <testcase name="ClearALLAddress" time="0.0" classname="com.eperium.jumpstart.JumpStartTestSuite">
    <ignored/>
  </testcase> <!-- ClearALLAddress -->
  <testcase name="BrowseSpecialsCategory" time="0.0" classname="com.eperium.jumpstart.JumpStartTestSuite">
    <ignored/>
  </testcase> <!-- BrowseSpecialsCategory -->
  <testcase name="GoToUsers" time="0.0" classname="com.eperium.jumpstart.JumpStartTestSuite">
    <ignored/>
  </testcase> <!-- GoToUsers -->
  <testcase name="restoreOriginalPassword" time="0.0" classname="com.eperium.jumpstart.JumpStartTestSuite">
    <ignored/>
  </testcase> <!-- restoreOriginalPassword -->
  <testcase name="getAddressDetails" time="0.0" classname="com.eperium.jumpstart.JumpStartTestSuite">
    <ignored/>
  </testcase> <!-- getAddressDetails -->
  <testcase name="navigateAddUserPage" time="0.0" classname="com.eperium.jumpstart.JumpStartTestSuite">
    <ignored/>
  </testcase> <!-- navigateAddUserPage -->
  <testcase name="addProducttoCartFromPDP" time="0.0" classname="com.eperium.jumpstart.JumpStartTestSuite">
    <ignored/>
  </testcase> <!-- addProducttoCartFromPDP -->
  <testcase name="addCartToOrderTemplate" time="0.0" classname="com.eperium.jumpstart.JumpStartTestSuite">
    <ignored/>
  </testcase> <!-- addCartToOrderTemplate -->
  <testcase name="viewNoTopOnScrollDown" time="0.0" classname="com.eperium.jumpstart.JumpStartTestSuite">
    <ignored/>
  </testcase> <!-- viewNoTopOnScrollDown -->
  <testcase name="checkItemsInMinicart" time="0.0" classname="com.eperium.jumpstart.JumpStartTestSuite">
    <ignored/>
  </testcase> <!-- checkItemsInMinicart -->
  <testcase name="navigateToUpdateYourProfilePage" time="0.0" classname="com.eperium.jumpstart.JumpStartTestSuite">
    <ignored/>
  </testcase> <!-- navigateToUpdateYourProfilePage -->
  <testcase name="enterAndSearchStringDoubleWord" time="0.0" classname="com.eperium.jumpstart.JumpStartTestSuite">
    <ignored/>
  </testcase> <!-- enterAndSearchStringDoubleWord -->
  <testcase name="shoppingCartToAddressPage" time="0.0" classname="com.eperium.jumpstart.JumpStartTestSuite">
    <ignored/>
  </testcase> <!-- shoppingCartToAddressPage -->
  <testcase name="goToResistrationPage" time="0.0" classname="com.eperium.jumpstart.JumpStartTestSuite">
    <ignored/>
  </testcase> <!-- goToResistrationPage -->
  <testcase name="shipmentToPaymentPage" time="0.0" classname="com.eperium.jumpstart.JumpStartTestSuite">
    <ignored/>
  </testcase> <!-- shipmentToPaymentPage -->
  <testcase name="navCheckoutBtnMiniCart" time="0.0" classname="com.eperium.jumpstart.JumpStartTestSuite">
    <ignored/>
  </testcase> <!-- navCheckoutBtnMiniCart -->
  <testcase name="reassignRevokedDaToUser" time="0.0" classname="com.eperium.jumpstart.JumpStartTestSuite">
    <ignored/>
  </testcase> <!-- reassignRevokedDaToUser -->
  <testcase name="clickOnOCIOrderHistoryLink" time="0.0" classname="com.eperium.jumpstart.JumpStartTestSuite">
    <ignored/>
  </testcase> <!-- clickOnOCIOrderHistoryLink -->
  <testcase name="browseMakenCategory" time="0.0" classname="com.eperium.jumpstart.JumpStartTestSuite">
    <ignored/>
  </testcase> <!-- browseMakenCategory -->
  <testcase name="addProducttoCartFromPDPWithQtyGreaterThenOne" time="0.0" classname="com.eperium.jumpstart.JumpStartTestSuite">
    <ignored/>
  </testcase> <!-- addProducttoCartFromPDPWithQtyGreaterThenOne -->
  <testcase name="loginCustomer" time="0.0" classname="com.eperium.jumpstart.JumpStartTestSuite">
    <ignored/>
  </testcase> <!-- loginCustomer -->
  <testcase name="openProductListerPage" time="0.0" classname="com.eperium.jumpstart.JumpStartTestSuite">
    <ignored/>
  </testcase> <!-- openProductListerPage -->
  <testcase name="enterContactDetailsMandatoryFields" time="0.0" classname="com.eperium.jumpstart.JumpStartTestSuite">
    <ignored/>
  </testcase> <!-- enterContactDetailsMandatoryFields -->
  <testcase name="revokePrefferedDaOfUser" time="0.0" classname="com.eperium.jumpstart.JumpStartTestSuite">
    <ignored/>
  </testcase> <!-- revokePrefferedDaOfUser -->
  <testcase name="gotoThirdPDP" time="0.0" classname="com.eperium.jumpstart.JumpStartTestSuite">
    <ignored/>
  </testcase> <!-- gotoThirdPDP -->
  <testcase name="addProductCartFromList" time="0.0" classname="com.eperium.jumpstart.JumpStartTestSuite">
    <ignored/>
  </testcase> <!-- addProductCartFromList -->
  <testcase name="logoutViewUpdatedNameAtHeader" time="0.0" classname="com.eperium.jumpstart.JumpStartTestSuite">
    <ignored/>
  </testcase> <!-- logoutViewUpdatedNameAtHeader -->
  <testcase name="gotoFirstPDP" time="0.0" classname="com.eperium.jumpstart.JumpStartTestSuite">
    <ignored/>
  </testcase> <!-- gotoFirstPDP -->
  <testcase name="navigatetoAllOrderTemplatePageAgain1" time="0.0" classname="com.eperium.jumpstart.JumpStartTestSuite">
    <ignored/>
  </testcase> <!-- navigatetoAllOrderTemplatePageAgain1 -->
  <testcase name="cartToReview" time="0.0" classname="com.eperium.jumpstart.JumpStartTestSuite">
    <ignored/>
  </testcase> <!-- cartToReview -->
  <testcase name="viewUpdatedNameOnDashboard" time="0.0" classname="com.eperium.jumpstart.JumpStartTestSuite">
    <ignored/>
  </testcase> <!-- viewUpdatedNameOnDashboard -->
  <testcase name="addReference" time="0.0" classname="com.eperium.jumpstart.JumpStartTestSuite">
    <ignored/>
  </testcase> <!-- addReference -->
  <testcase name="VerifyPagination" time="0.0" classname="com.eperium.jumpstart.JumpStartTestSuite">
    <ignored/>
  </testcase> <!-- VerifyPagination -->
  <testcase name="logout1" time="0.0" classname="com.eperium.jumpstart.JumpStartTestSuite">
    <ignored/>
  </testcase> <!-- logout1 -->
  <testcase name="confirmOrderToPaymentPage" time="0.0" classname="com.eperium.jumpstart.JumpStartTestSuite">
    <ignored/>
  </testcase> <!-- confirmOrderToPaymentPage -->
  <testcase name="logout" time="0.0" classname="com.eperium.jumpstart.JumpStartTestSuite">
    <ignored/>
  </testcase> <!-- logout -->
  <testcase name="addProductToCartFromSearchList" time="0.0" classname="com.eperium.jumpstart.JumpStartTestSuite">
    <ignored/>
  </testcase> <!-- addProductToCartFromSearchList -->
  <testcase name="UserDetails" time="0.0" classname="com.eperium.jumpstart.JumpStartTestSuite">
    <ignored/>
  </testcase> <!-- UserDetails -->
  <testcase name="browseFromAssortimentCategoryToListerPage" time="0.0" classname="com.eperium.jumpstart.JumpStartTestSuite">
    <ignored/>
  </testcase> <!-- browseFromAssortimentCategoryToListerPage -->
  <testcase name="getAndVerifyAddressDetailOnReviewPage" time="0.0" classname="com.eperium.jumpstart.JumpStartTestSuite">
    <ignored/>
  </testcase> <!-- getAndVerifyAddressDetailOnReviewPage -->
  <testcase name="addressToShipmentPage" time="0.0" classname="com.eperium.jumpstart.JumpStartTestSuite">
    <ignored/>
  </testcase> <!-- addressToShipmentPage -->
  <testcase name="loginWithNoDeliveryAddressAssiginedCustomer" time="0.0" classname="com.eperium.jumpstart.JumpStartTestSuite">
    <ignored/>
  </testcase> <!-- loginWithNoDeliveryAddressAssiginedCustomer -->
</testsuite> <!-- ChangeItemsPerPageInListView -->
