<?xml version="1.0" encoding="UTF-8"?>
<!-- Generated by org.testng.reporters.JUnitXMLReporter -->
<testsuite hostname="IN04068" ignored="0" name="Default test" tests="282" failures="0" timestamp="04 Oct 2018 11:53:06 GMT" time="0.701" errors="0">
  <testcase name="@BeforeTest setUpBeforeclass" time="0.0" classname="com.eperium.jumpstart.Setup">
    <failure type="java.lang.NullPointerException">
      <![CDATA[java.lang.NullPointerException
at com.eperium.jumpstart.Setup.driverInitialization(Setup.java:141)
at com.eperium.jumpstart.Setup.setUpBeforeclass(Setup.java:90)
at sun.reflect.NativeMethodAccessorImpl.invoke0(Native Method)
at sun.reflect.NativeMethodAccessorImpl.invoke(Unknown Source)
at sun.reflect.DelegatingMethodAccessorImpl.invoke(Unknown Source)
at java.lang.reflect.Method.invoke(Unknown Source)
at org.testng.internal.MethodInvocationHelper.invokeMethod(MethodInvocationHelper.java:124)
at org.testng.internal.MethodInvocationHelper.invokeMethodConsideringTimeout(MethodInvocationHelper.java:59)
at org.testng.internal.Invoker.invokeConfigurationMethod(Invoker.java:455)
at org.testng.internal.Invoker.invokeConfigurations(Invoker.java:222)
at org.testng.internal.Invoker.invokeConfigurations(Invoker.java:142)
at org.testng.TestRunner.beforeRun(TestRunner.java:529)
at org.testng.TestRunner.run(TestRunner.java:497)
at org.testng.SuiteRunner.runTest(SuiteRunner.java:455)
at org.testng.SuiteRunner.runSequentially(SuiteRunner.java:450)
at org.testng.SuiteRunner.privateRun(SuiteRunner.java:415)
at org.testng.SuiteRunner.run(SuiteRunner.java:364)
at org.testng.SuiteRunnerWorker.runSuite(SuiteRunnerWorker.java:52)
at org.testng.SuiteRunnerWorker.run(SuiteRunnerWorker.java:84)
at org.testng.TestNG.runSuitesSequentially(TestNG.java:1208)
at org.testng.TestNG.runSuitesLocally(TestNG.java:1137)
at org.testng.TestNG.runSuites(TestNG.java:1049)
at org.testng.TestNG.run(TestNG.java:1017)
at org.testng.remote.AbstractRemoteTestNG.run(AbstractRemoteTestNG.java:114)
at org.testng.remote.RemoteTestNG.initAndRun(RemoteTestNG.java:251)
at org.testng.remote.RemoteTestNG.main(RemoteTestNG.java:77)
]]>
    </failure>
  </testcase> <!-- @BeforeTest setUpBeforeclass -->
  <testcase name="@AfterTest setupAfterTest" time="0.0" classname="com.eperium.jumpstart.Setup">
    <failure type="java.lang.NullPointerException">
      <![CDATA[java.lang.NullPointerException
at com.eperium.jumpstart.Setup.setupAfterTest(Setup.java:393)
at sun.reflect.NativeMethodAccessorImpl.invoke0(Native Method)
at sun.reflect.NativeMethodAccessorImpl.invoke(Unknown Source)
at sun.reflect.DelegatingMethodAccessorImpl.invoke(Unknown Source)
at java.lang.reflect.Method.invoke(Unknown Source)
at org.testng.internal.MethodInvocationHelper.invokeMethod(MethodInvocationHelper.java:124)
at org.testng.internal.MethodInvocationHelper.invokeMethodConsideringTimeout(MethodInvocationHelper.java:59)
at org.testng.internal.Invoker.invokeConfigurationMethod(Invoker.java:455)
at org.testng.internal.Invoker.invokeConfigurations(Invoker.java:222)
at org.testng.internal.Invoker.invokeConfigurations(Invoker.java:142)
at org.testng.TestRunner.afterRun(TestRunner.java:725)
at org.testng.TestRunner.run(TestRunner.java:509)
at org.testng.SuiteRunner.runTest(SuiteRunner.java:455)
at org.testng.SuiteRunner.runSequentially(SuiteRunner.java:450)
at org.testng.SuiteRunner.privateRun(SuiteRunner.java:415)
at org.testng.SuiteRunner.run(SuiteRunner.java:364)
at org.testng.SuiteRunnerWorker.runSuite(SuiteRunnerWorker.java:52)
at org.testng.SuiteRunnerWorker.run(SuiteRunnerWorker.java:84)
at org.testng.TestNG.runSuitesSequentially(TestNG.java:1208)
at org.testng.TestNG.runSuitesLocally(TestNG.java:1137)
at org.testng.TestNG.runSuites(TestNG.java:1049)
at org.testng.TestNG.run(TestNG.java:1017)
at org.testng.remote.AbstractRemoteTestNG.run(AbstractRemoteTestNG.java:114)
at org.testng.remote.RemoteTestNG.initAndRun(RemoteTestNG.java:251)
at org.testng.remote.RemoteTestNG.main(RemoteTestNG.java:77)
]]>
    </failure>
  </testcase> <!-- @AfterTest setupAfterTest -->
  <testcase name="BrowseSpecialsCategory" time="0.0" classname="com.eperium.jumpstart.JumpStartTestSuite">
    <skipped/>
  </testcase> <!-- BrowseSpecialsCategory -->
  <testcase name="ClearALLAddress" time="0.0" classname="com.eperium.jumpstart.JumpStartTestSuite">
    <skipped/>
  </testcase> <!-- ClearALLAddress -->
  <testcase name="DeleteAllCostCenter" time="0.0" classname="com.eperium.jumpstart.JumpStartTestSuite">
    <skipped/>
  </testcase> <!-- DeleteAllCostCenter -->
  <testcase name="EnterUnregisteredEmailAddressAndClickOKButton" time="0.0" classname="com.eperium.jumpstart.JumpStartTestSuite">
    <skipped/>
  </testcase> <!-- EnterUnregisteredEmailAddressAndClickOKButton -->
  <testcase name="GoToFourthPage" time="0.0" classname="com.eperium.jumpstart.JumpStartTestSuite">
    <skipped/>
  </testcase> <!-- GoToFourthPage -->
  <testcase name="GoToSecondPage" time="0.0" classname="com.eperium.jumpstart.JumpStartTestSuite">
    <skipped/>
  </testcase> <!-- GoToSecondPage -->
  <testcase name="GoToUsers" time="0.0" classname="com.eperium.jumpstart.JumpStartTestSuite">
    <skipped/>
  </testcase> <!-- GoToUsers -->
  <testcase name="GoTothirdPage" time="0.0" classname="com.eperium.jumpstart.JumpStartTestSuite">
    <skipped/>
  </testcase> <!-- GoTothirdPage -->
  <testcase name="LimitCountryList" time="0.0" classname="com.eperium.jumpstart.JumpStartTestSuite">
    <skipped/>
  </testcase> <!-- LimitCountryList -->
  <testcase name="OrderTemplateDetailPage" time="0.0" classname="com.eperium.jumpstart.JumpStartTestSuite">
    <skipped/>
  </testcase> <!-- OrderTemplateDetailPage -->
  <testcase name="PackagingInfoListerpage" time="0.0" classname="com.eperium.jumpstart.JumpStartTestSuite">
    <skipped/>
  </testcase> <!-- PackagingInfoListerpage -->
  <testcase name="SelectALLAddress" time="0.0" classname="com.eperium.jumpstart.JumpStartTestSuite">
    <skipped/>
  </testcase> <!-- SelectALLAddress -->
  <testcase name="SelectAddress" time="0.0" classname="com.eperium.jumpstart.JumpStartTestSuite">
    <skipped/>
  </testcase> <!-- SelectAddress -->
  <testcase name="UserDetails" time="0.0" classname="com.eperium.jumpstart.JumpStartTestSuite">
    <skipped/>
  </testcase> <!-- UserDetails -->
  <testcase name="ValidateViaAddingDuplicateCostCenter" time="0.0" classname="com.eperium.jumpstart.JumpStartTestSuite">
    <skipped/>
  </testcase> <!-- ValidateViaAddingDuplicateCostCenter -->
  <testcase name="ValidateforgotPasswordMandatoryField" time="0.0" classname="com.eperium.jumpstart.JumpStartTestSuite">
    <skipped/>
  </testcase> <!-- ValidateforgotPasswordMandatoryField -->
  <testcase name="VerifyPDPCustomer" time="0.0" classname="com.eperium.jumpstart.JumpStartTestSuite">
    <skipped/>
  </testcase> <!-- VerifyPDPCustomer -->
  <testcase name="VerifyPDPProspect" time="0.0" classname="com.eperium.jumpstart.JumpStartTestSuite">
    <skipped/>
  </testcase> <!-- VerifyPDPProspect -->
  <testcase name="VerifyPagination" time="0.0" classname="com.eperium.jumpstart.JumpStartTestSuite">
    <skipped/>
  </testcase> <!-- VerifyPagination -->
  <testcase name="addBlankOrderTemplate" time="0.0" classname="com.eperium.jumpstart.JumpStartTestSuite">
    <skipped/>
  </testcase> <!-- addBlankOrderTemplate -->
  <testcase name="addBlankOrderTemplateToBlankBasket" time="0.0" classname="com.eperium.jumpstart.JumpStartTestSuite">
    <skipped/>
  </testcase> <!-- addBlankOrderTemplateToBlankBasket -->
  <testcase name="addCartToOrderTemplate" time="0.0" classname="com.eperium.jumpstart.JumpStartTestSuite">
    <skipped/>
  </testcase> <!-- addCartToOrderTemplate -->
  <testcase name="addFirstPDPToCompareList" time="0.0" classname="com.eperium.jumpstart.JumpStartTestSuite">
    <skipped/>
  </testcase> <!-- addFirstPDPToCompareList -->
  <testcase name="addOrderTemplateFromDetailPage" time="0.0" classname="com.eperium.jumpstart.JumpStartTestSuite">
    <skipped/>
  </testcase> <!-- addOrderTemplateFromDetailPage -->
  <testcase name="addOrderTemplateFromMyAccount" time="0.0" classname="com.eperium.jumpstart.JumpStartTestSuite">
    <skipped/>
  </testcase> <!-- addOrderTemplateFromMyAccount -->
  <testcase name="addPDPToCompareListAndVerifyNavigation" time="0.0" classname="com.eperium.jumpstart.JumpStartTestSuite">
    <skipped/>
  </testcase> <!-- addPDPToCompareListAndVerifyNavigation -->
  <testcase name="addProductCartFromList" time="0.0" classname="com.eperium.jumpstart.JumpStartTestSuite">
    <skipped/>
  </testcase> <!-- addProductCartFromList -->
  <testcase name="addProductToCartFromComparePageAndVerify" time="0.0" classname="com.eperium.jumpstart.JumpStartTestSuite">
    <skipped/>
  </testcase> <!-- addProductToCartFromComparePageAndVerify -->
  <testcase name="addProductToCartFromLister" time="0.0" classname="com.eperium.jumpstart.JumpStartTestSuite">
    <skipped/>
  </testcase> <!-- addProductToCartFromLister -->
  <testcase name="addProductToCartFromSearchList" time="0.0" classname="com.eperium.jumpstart.JumpStartTestSuite">
    <skipped/>
  </testcase> <!-- addProductToCartFromSearchList -->
  <testcase name="addProductToOrderTemplateFromCart" time="0.0" classname="com.eperium.jumpstart.JumpStartTestSuite">
    <skipped/>
  </testcase> <!-- addProductToOrderTemplateFromCart -->
  <testcase name="addProductToOrderTemplateFromListView" time="0.0" classname="com.eperium.jumpstart.JumpStartTestSuite">
    <skipped/>
  </testcase> <!-- addProductToOrderTemplateFromListView -->
  <testcase name="addProductToOrderTemplateFromPDP" time="0.0" classname="com.eperium.jumpstart.JumpStartTestSuite">
    <skipped/>
  </testcase> <!-- addProductToOrderTemplateFromPDP -->
  <testcase name="addProductToOrderTemplateFromPDPWithQTYFive" time="0.0" classname="com.eperium.jumpstart.JumpStartTestSuite">
    <skipped/>
  </testcase> <!-- addProductToOrderTemplateFromPDPWithQTYFive -->
  <testcase name="addProductToOrderTemplateFromPDPWithQTYTen" time="0.0" classname="com.eperium.jumpstart.JumpStartTestSuite">
    <skipped/>
  </testcase> <!-- addProductToOrderTemplateFromPDPWithQTYTen -->
  <testcase name="addProducttoCartFromBundledPDP" time="0.0" classname="com.eperium.jumpstart.JumpStartTestSuite">
    <skipped/>
  </testcase> <!-- addProducttoCartFromBundledPDP -->
  <testcase name="addProducttoCartFromPDP" time="0.0" classname="com.eperium.jumpstart.JumpStartTestSuite">
    <skipped/>
  </testcase> <!-- addProducttoCartFromPDP -->
  <testcase name="addProducttoCartFromPDP1" time="0.0" classname="com.eperium.jumpstart.JumpStartTestSuite">
    <skipped/>
  </testcase> <!-- addProducttoCartFromPDP1 -->
  <testcase name="addProducttoCartFromPDPWithQtyGreaterThenOne" time="0.0" classname="com.eperium.jumpstart.JumpStartTestSuite">
    <skipped/>
  </testcase> <!-- addProducttoCartFromPDPWithQtyGreaterThenOne -->
  <testcase name="addProducttoCartFromQuickView" time="0.0" classname="com.eperium.jumpstart.JumpStartTestSuite">
    <skipped/>
  </testcase> <!-- addProducttoCartFromQuickView -->
  <testcase name="addReference" time="0.0" classname="com.eperium.jumpstart.JumpStartTestSuite">
    <skipped/>
  </testcase> <!-- addReference -->
  <testcase name="addSecondPDPToCompareList" time="0.0" classname="com.eperium.jumpstart.JumpStartTestSuite">
    <skipped/>
  </testcase> <!-- addSecondPDPToCompareList -->
  <testcase name="addThirdPDPToCompareList" time="0.0" classname="com.eperium.jumpstart.JumpStartTestSuite">
    <skipped/>
  </testcase> <!-- addThirdPDPToCompareList -->
  <testcase name="addUser" time="0.0" classname="com.eperium.jumpstart.JumpStartTestSuite">
    <skipped/>
  </testcase> <!-- addUser -->
  <testcase name="addressPageValidateCartSummary" time="0.0" classname="com.eperium.jumpstart.JumpStartTestSuite">
    <skipped/>
  </testcase> <!-- addressPageValidateCartSummary -->
  <testcase name="addressPageValidateOrderSummary" time="0.0" classname="com.eperium.jumpstart.JumpStartTestSuite">
    <skipped/>
  </testcase> <!-- addressPageValidateOrderSummary -->
  <testcase name="addressToShipmentPage" time="0.0" classname="com.eperium.jumpstart.JumpStartTestSuite">
    <skipped/>
  </testcase> <!-- addressToShipmentPage -->
  <testcase name="addtocartQuickView" time="0.0" classname="com.eperium.jumpstart.JumpStartTestSuite">
    <skipped/>
  </testcase> <!-- addtocartQuickView -->
  <testcase name="assignAddressk" time="0.0" classname="com.eperium.jumpstart.JumpStartTestSuite">
    <skipped/>
  </testcase> <!-- assignAddressk -->
  <testcase name="assignCatalogk" time="0.0" classname="com.eperium.jumpstart.JumpStartTestSuite">
    <skipped/>
  </testcase> <!-- assignCatalogk -->
  <testcase name="browseAssortimentCategory" time="0.0" classname="com.eperium.jumpstart.JumpStartTestSuite">
    <skipped/>
  </testcase> <!-- browseAssortimentCategory -->
  <testcase name="browseChkCookieWarningNotAppear" time="0.0" classname="com.eperium.jumpstart.JumpStartTestSuite">
    <skipped/>
  </testcase> <!-- browseChkCookieWarningNotAppear -->
  <testcase name="browseFromAssortimentCategoryToListerPage" time="0.0" classname="com.eperium.jumpstart.JumpStartTestSuite">
    <skipped/>
  </testcase> <!-- browseFromAssortimentCategoryToListerPage -->
  <testcase name="browseMakenCategory" time="0.0" classname="com.eperium.jumpstart.JumpStartTestSuite">
    <skipped/>
  </testcase> <!-- browseMakenCategory -->
  <testcase name="browseProductsFromGridView" time="0.0" classname="com.eperium.jumpstart.JumpStartTestSuite">
    <skipped/>
  </testcase> <!-- browseProductsFromGridView -->
  <testcase name="browseProductsFromListView" time="0.0" classname="com.eperium.jumpstart.JumpStartTestSuite">
    <skipped/>
  </testcase> <!-- browseProductsFromListView -->
  <testcase name="cancelChangeCompanyProfile" time="0.0" classname="com.eperium.jumpstart.JumpStartTestSuite">
    <skipped/>
  </testcase> <!-- cancelChangeCompanyProfile -->
  <testcase name="cancelChangeEmail" time="0.0" classname="com.eperium.jumpstart.JumpStartTestSuite">
    <skipped/>
  </testcase> <!-- cancelChangeEmail -->
  <testcase name="cancelChangeYourProfile" time="0.0" classname="com.eperium.jumpstart.JumpStartTestSuite">
    <skipped/>
  </testcase> <!-- cancelChangeYourProfile -->
  <testcase name="cartToReview" time="0.0" classname="com.eperium.jumpstart.JumpStartTestSuite">
    <skipped/>
  </testcase> <!-- cartToReview -->
  <testcase name="changeChkoutAddress" time="0.0" classname="com.eperium.jumpstart.JumpStartTestSuite">
    <skipped/>
  </testcase> <!-- changeChkoutAddress -->
  <testcase name="changeCostCenter" time="0.0" classname="com.eperium.jumpstart.JumpStartTestSuite">
    <skipped/>
  </testcase> <!-- changeCostCenter -->
  <testcase name="changeDA" time="0.0" classname="com.eperium.jumpstart.JumpStartTestSuite">
    <skipped/>
  </testcase> <!-- changeDA -->
  <testcase name="changeDeliveryAddress" time="0.0" classname="com.eperium.jumpstart.JumpStartTestSuite">
    <skipped/>
  </testcase> <!-- changeDeliveryAddress -->
  <testcase name="changeSpecificDeliveryAddress" time="0.0" classname="com.eperium.jumpstart.JumpStartTestSuite">
    <skipped/>
  </testcase> <!-- changeSpecificDeliveryAddress -->
  <testcase name="checkItemPerPageDropDownOptions" time="0.0" classname="com.eperium.jumpstart.JumpStartTestSuite">
    <skipped/>
  </testcase> <!-- checkItemPerPageDropDownOptions -->
  <testcase name="checkItemsInMinicart" time="0.0" classname="com.eperium.jumpstart.JumpStartTestSuite">
    <skipped/>
  </testcase> <!-- checkItemsInMinicart -->
  <testcase name="checkSalesUnitOfUuid" time="0.0" classname="com.eperium.jumpstart.JumpStartTestSuite">
    <skipped/>
  </testcase> <!-- checkSalesUnitOfUuid -->
  <testcase name="chkAddAtHeader" time="0.0" classname="com.eperium.jumpstart.JumpStartTestSuite">
    <skipped/>
  </testcase> <!-- chkAddAtHeader -->
  <testcase name="chkBlankQty" time="0.0" classname="com.eperium.jumpstart.JumpStartTestSuite">
    <skipped/>
  </testcase> <!-- chkBlankQty -->
  <testcase name="chkBlankSku" time="0.0" classname="com.eperium.jumpstart.JumpStartTestSuite">
    <skipped/>
  </testcase> <!-- chkBlankSku -->
  <testcase name="chkBlankSkuQty" time="0.0" classname="com.eperium.jumpstart.JumpStartTestSuite">
    <skipped/>
  </testcase> <!-- chkBlankSkuQty -->
  <testcase name="chkCookieWarningAppear" time="0.0" classname="com.eperium.jumpstart.JumpStartTestSuite">
    <skipped/>
  </testcase> <!-- chkCookieWarningAppear -->
  <testcase name="chkHideAll" time="0.0" classname="com.eperium.jumpstart.JumpStartTestSuite">
    <skipped/>
  </testcase> <!-- chkHideAll -->
  <testcase name="chkShowAll" time="0.0" classname="com.eperium.jumpstart.JumpStartTestSuite">
    <skipped/>
  </testcase> <!-- chkShowAll -->
  <testcase name="chkSingleQueAns" time="0.0" classname="com.eperium.jumpstart.JumpStartTestSuite">
    <skipped/>
  </testcase> <!-- chkSingleQueAns -->
  <testcase name="chkValidSkuInvalidQty" time="0.0" classname="com.eperium.jumpstart.JumpStartTestSuite">
    <skipped/>
  </testcase> <!-- chkValidSkuInvalidQty -->
  <testcase name="clickOnKingLogo" time="0.0" classname="com.eperium.jumpstart.JumpStartTestSuite">
    <skipped/>
  </testcase> <!-- clickOnKingLogo -->
  <testcase name="clickOnMyAccountLink" time="0.0" classname="com.eperium.jumpstart.JumpStartTestSuite">
    <skipped/>
  </testcase> <!-- clickOnMyAccountLink -->
  <testcase name="clickOnOCIOrderHistoryLink" time="0.0" classname="com.eperium.jumpstart.JumpStartTestSuite">
    <skipped/>
  </testcase> <!-- clickOnOCIOrderHistoryLink -->
  <testcase name="closeCookieWarning" time="0.0" classname="com.eperium.jumpstart.JumpStartTestSuite">
    <skipped/>
  </testcase> <!-- closeCookieWarning -->
  <testcase name="closeNewWindow" time="0.0" classname="com.eperium.jumpstart.JumpStartTestSuite">
    <skipped/>
  </testcase> <!-- closeNewWindow -->
  <testcase name="closeQuickViewPopup" time="0.0" classname="com.eperium.jumpstart.JumpStartTestSuite">
    <skipped/>
  </testcase> <!-- closeQuickViewPopup -->
  <testcase name="completeRegistration" time="0.0" classname="com.eperium.jumpstart.JumpStartTestSuite">
    <skipped/>
  </testcase> <!-- completeRegistration -->
  <testcase name="confirmOrderToPaymentPage" time="0.0" classname="com.eperium.jumpstart.JumpStartTestSuite">
    <skipped/>
  </testcase> <!-- confirmOrderToPaymentPage -->
  <testcase name="createQueryToChangePrice" time="0.0" classname="com.eperium.jumpstart.JumpStartTestSuite">
    <skipped/>
  </testcase> <!-- createQueryToChangePrice -->
  <testcase name="deleteAllOrderTemplate" time="0.0" classname="com.eperium.jumpstart.JumpStartTestSuite">
    <skipped/>
  </testcase> <!-- deleteAllOrderTemplate -->
  <testcase name="deleteAllProductsFromComparePage" time="0.0" classname="com.eperium.jumpstart.JumpStartTestSuite">
    <skipped/>
  </testcase> <!-- deleteAllProductsFromComparePage -->
  <testcase name="editAddressDetailsAndAddCostCenter" time="0.0" classname="com.eperium.jumpstart.JumpStartTestSuite">
    <skipped/>
  </testcase> <!-- editAddressDetailsAndAddCostCenter -->
  <testcase name="editAddressDetailsAndDeleteCostCenter" time="0.0" classname="com.eperium.jumpstart.JumpStartTestSuite">
    <skipped/>
  </testcase> <!-- editAddressDetailsAndDeleteCostCenter -->
  <testcase name="enterAndSearchStringDoubleWord" time="0.0" classname="com.eperium.jumpstart.JumpStartTestSuite">
    <skipped/>
  </testcase> <!-- enterAndSearchStringDoubleWord -->
  <testcase name="enterAndSearchStringDoubleWordWithAnd" time="0.0" classname="com.eperium.jumpstart.JumpStartTestSuite">
    <skipped/>
  </testcase> <!-- enterAndSearchStringDoubleWordWithAnd -->
  <testcase name="enterAndSearchStringNoProductFound" time="0.0" classname="com.eperium.jumpstart.JumpStartTestSuite">
    <skipped/>
  </testcase> <!-- enterAndSearchStringNoProductFound -->
  <testcase name="enterAndSearchStringSTAR" time="0.0" classname="com.eperium.jumpstart.JumpStartTestSuite">
    <skipped/>
  </testcase> <!-- enterAndSearchStringSTAR -->
  <testcase name="enterAndSearchStringSTAR1" time="0.0" classname="com.eperium.jumpstart.JumpStartTestSuite">
    <skipped/>
  </testcase> <!-- enterAndSearchStringSTAR1 -->
  <testcase name="enterAndSearchStringSTAR2" time="0.0" classname="com.eperium.jumpstart.JumpStartTestSuite">
    <skipped/>
  </testcase> <!-- enterAndSearchStringSTAR2 -->
  <testcase name="enterAndSearchStringSTAR3" time="0.0" classname="com.eperium.jumpstart.JumpStartTestSuite">
    <skipped/>
  </testcase> <!-- enterAndSearchStringSTAR3 -->
  <testcase name="enterAndSearchStringSingleWord" time="0.0" classname="com.eperium.jumpstart.JumpStartTestSuite">
    <skipped/>
  </testcase> <!-- enterAndSearchStringSingleWord -->
  <testcase name="enterAndSearchStringSpecialCharacters" time="0.0" classname="com.eperium.jumpstart.JumpStartTestSuite">
    <skipped/>
  </testcase> <!-- enterAndSearchStringSpecialCharacters -->
  <testcase name="enterContactDetails" time="0.0" classname="com.eperium.jumpstart.JumpStartTestSuite">
    <skipped/>
  </testcase> <!-- enterContactDetails -->
  <testcase name="enterContactDetailsMandatoryFields" time="0.0" classname="com.eperium.jumpstart.JumpStartTestSuite">
    <skipped/>
  </testcase> <!-- enterContactDetailsMandatoryFields -->
  <testcase name="enterForSearchStringSTAR" time="0.0" classname="com.eperium.jumpstart.JumpStartTestSuite">
    <skipped/>
  </testcase> <!-- enterForSearchStringSTAR -->
  <testcase name="enterPDPSkuAndPrice" time="0.0" classname="com.eperium.jumpstart.JumpStartTestSuite">
    <skipped/>
  </testcase> <!-- enterPDPSkuAndPrice -->
  <testcase name="enterRefIdAndName" time="0.0" classname="com.eperium.jumpstart.JumpStartTestSuite">
    <skipped/>
  </testcase> <!-- enterRefIdAndName -->
  <testcase name="fillInChangeLocale" time="0.0" classname="com.eperium.jumpstart.JumpStartTestSuite">
    <skipped/>
  </testcase> <!-- fillInChangeLocale -->
  <testcase name="filter" time="0.0" classname="com.eperium.jumpstart.JumpStartTestSuite">
    <skipped/>
  </testcase> <!-- filter -->
  <testcase name="getAddressDetails" time="0.0" classname="com.eperium.jumpstart.JumpStartTestSuite">
    <skipped/>
  </testcase> <!-- getAddressDetails -->
  <testcase name="getAndVerifyACustomerDetailOnConfirmationPage" time="0.0" classname="com.eperium.jumpstart.JumpStartTestSuite">
    <skipped/>
  </testcase> <!-- getAndVerifyACustomerDetailOnConfirmationPage -->
  <testcase name="getAndVerifyAddressDetailOnAddressPage" time="0.0" classname="com.eperium.jumpstart.JumpStartTestSuite">
    <skipped/>
  </testcase> <!-- getAndVerifyAddressDetailOnAddressPage -->
  <testcase name="getAndVerifyAddressDetailOnConfirmationPage" time="0.0" classname="com.eperium.jumpstart.JumpStartTestSuite">
    <skipped/>
  </testcase> <!-- getAndVerifyAddressDetailOnConfirmationPage -->
  <testcase name="getAndVerifyAddressDetailOnReviewPage" time="0.0" classname="com.eperium.jumpstart.JumpStartTestSuite">
    <skipped/>
  </testcase> <!-- getAndVerifyAddressDetailOnReviewPage -->
  <testcase name="getAndVerifyAddressDetailOnShippingPage" time="0.0" classname="com.eperium.jumpstart.JumpStartTestSuite">
    <skipped/>
  </testcase> <!-- getAndVerifyAddressDetailOnShippingPage -->
  <testcase name="getAndVerifyCustomerDetailOnAddressPage" time="0.0" classname="com.eperium.jumpstart.JumpStartTestSuite">
    <skipped/>
  </testcase> <!-- getAndVerifyCustomerDetailOnAddressPage -->
  <testcase name="getAndVerifyCustomerDetailOnPaymentPage" time="0.0" classname="com.eperium.jumpstart.JumpStartTestSuite">
    <skipped/>
  </testcase> <!-- getAndVerifyCustomerDetailOnPaymentPage -->
  <testcase name="getAndVerifyCustomerDetailOnShippingPage" time="0.0" classname="com.eperium.jumpstart.JumpStartTestSuite">
    <skipped/>
  </testcase> <!-- getAndVerifyCustomerDetailOnShippingPage -->
  <testcase name="getCartDetails" time="0.0" classname="com.eperium.jumpstart.JumpStartTestSuite">
    <skipped/>
  </testcase> <!-- getCartDetails -->
  <testcase name="getCartDetails1" time="0.0" classname="com.eperium.jumpstart.JumpStartTestSuite">
    <skipped/>
  </testcase> <!-- getCartDetails1 -->
  <testcase name="getCustomerAddress" time="0.0" classname="com.eperium.jumpstart.JumpStartTestSuite">
    <skipped/>
  </testcase> <!-- getCustomerAddress -->
  <testcase name="getCustomerName" time="0.0" classname="com.eperium.jumpstart.JumpStartTestSuite">
    <skipped/>
  </testcase> <!-- getCustomerName -->
  <testcase name="getPackagingInfoFromPDP" time="0.0" classname="com.eperium.jumpstart.JumpStartTestSuite">
    <skipped/>
  </testcase> <!-- getPackagingInfoFromPDP -->
  <testcase name="getProductSkuAndOpenQuotePopUp" time="0.0" classname="com.eperium.jumpstart.JumpStartTestSuite">
    <skipped/>
  </testcase> <!-- getProductSkuAndOpenQuotePopUp -->
  <testcase name="goToCartFromQuickView" time="0.0" classname="com.eperium.jumpstart.JumpStartTestSuite">
    <skipped/>
  </testcase> <!-- goToCartFromQuickView -->
  <testcase name="goToChangePasswordPage" time="0.0" classname="com.eperium.jumpstart.JumpStartTestSuite">
    <skipped/>
  </testcase> <!-- goToChangePasswordPage -->
  <testcase name="goToChangePasswordPageAgain" time="0.0" classname="com.eperium.jumpstart.JumpStartTestSuite">
    <skipped/>
  </testcase> <!-- goToChangePasswordPageAgain -->
  <testcase name="goToContactUsPage" time="0.0" classname="com.eperium.jumpstart.JumpStartTestSuite">
    <skipped/>
  </testcase> <!-- goToContactUsPage -->
  <testcase name="goToFaqPage" time="0.0" classname="com.eperium.jumpstart.JumpStartTestSuite">
    <skipped/>
  </testcase> <!-- goToFaqPage -->
  <testcase name="goToLoginPage" time="0.0" classname="com.eperium.jumpstart.JumpStartTestSuite">
    <skipped/>
  </testcase> <!-- goToLoginPage -->
  <testcase name="goToLoginPage1" time="0.0" classname="com.eperium.jumpstart.JumpStartTestSuite">
    <skipped/>
  </testcase> <!-- goToLoginPage1 -->
  <testcase name="goToLoginPage2" time="0.0" classname="com.eperium.jumpstart.JumpStartTestSuite">
    <skipped/>
  </testcase> <!-- goToLoginPage2 -->
  <testcase name="goToLoginPage3" time="0.0" classname="com.eperium.jumpstart.JumpStartTestSuite">
    <skipped/>
  </testcase> <!-- goToLoginPage3 -->
  <testcase name="goToLoginPage4" time="0.0" classname="com.eperium.jumpstart.JumpStartTestSuite">
    <skipped/>
  </testcase> <!-- goToLoginPage4 -->
  <testcase name="goToResistrationPage" time="0.0" classname="com.eperium.jumpstart.JumpStartTestSuite">
    <skipped/>
  </testcase> <!-- goToResistrationPage -->
  <testcase name="goToResistrationPage1" time="0.0" classname="com.eperium.jumpstart.JumpStartTestSuite">
    <skipped/>
  </testcase> <!-- goToResistrationPage1 -->
  <testcase name="goToResistrationPage2" time="0.0" classname="com.eperium.jumpstart.JumpStartTestSuite">
    <skipped/>
  </testcase> <!-- goToResistrationPage2 -->
  <testcase name="goToResistrationPage3" time="0.0" classname="com.eperium.jumpstart.JumpStartTestSuite">
    <skipped/>
  </testcase> <!-- goToResistrationPage3 -->
  <testcase name="goToResistrationPage4" time="0.0" classname="com.eperium.jumpstart.JumpStartTestSuite">
    <skipped/>
  </testcase> <!-- goToResistrationPage4 -->
  <testcase name="goToSolrPriceQuery" time="0.0" classname="com.eperium.jumpstart.JumpStartTestSuite">
    <skipped/>
  </testcase> <!-- goToSolrPriceQuery -->
  <testcase name="gotoAllOrderTemplatePage" time="0.0" classname="com.eperium.jumpstart.JumpStartTestSuite">
    <skipped/>
  </testcase> <!-- gotoAllOrderTemplatePage -->
  <testcase name="gotoAllOrderTemplatePage1" time="0.0" classname="com.eperium.jumpstart.JumpStartTestSuite">
    <skipped/>
  </testcase> <!-- gotoAllOrderTemplatePage1 -->
  <testcase name="gotoFifthPDP" time="0.0" classname="com.eperium.jumpstart.JumpStartTestSuite">
    <skipped/>
  </testcase> <!-- gotoFifthPDP -->
  <testcase name="gotoFirstPDP" time="0.0" classname="com.eperium.jumpstart.JumpStartTestSuite">
    <skipped/>
  </testcase> <!-- gotoFirstPDP -->
  <testcase name="gotoForgotPasswordPage" time="0.0" classname="com.eperium.jumpstart.JumpStartTestSuite">
    <skipped/>
  </testcase> <!-- gotoForgotPasswordPage -->
  <testcase name="gotoFourthPDP" time="0.0" classname="com.eperium.jumpstart.JumpStartTestSuite">
    <skipped/>
  </testcase> <!-- gotoFourthPDP -->
  <testcase name="gotoSavedAddressPage" time="0.0" classname="com.eperium.jumpstart.JumpStartTestSuite">
    <skipped/>
  </testcase> <!-- gotoSavedAddressPage -->
  <testcase name="gotoSecondPDP" time="0.0" classname="com.eperium.jumpstart.JumpStartTestSuite">
    <skipped/>
  </testcase> <!-- gotoSecondPDP -->
  <testcase name="gotoThirdPDP" time="0.0" classname="com.eperium.jumpstart.JumpStartTestSuite">
    <skipped/>
  </testcase> <!-- gotoThirdPDP -->
  <testcase name="gridToListView" time="0.0" classname="com.eperium.jumpstart.JumpStartTestSuite">
    <skipped/>
  </testcase> <!-- gridToListView -->
  <testcase name="guestViewMiniCart" time="0.0" classname="com.eperium.jumpstart.JumpStartTestSuite">
    <skipped/>
  </testcase> <!-- guestViewMiniCart -->
  <testcase name="launchHomePage" time="0.0" classname="com.eperium.jumpstart.JumpStartTestSuite">
    <skipped/>
  </testcase> <!-- launchHomePage -->
  <testcase name="listView" time="0.0" classname="com.eperium.jumpstart.JumpStartTestSuite">
    <skipped/>
  </testcase> <!-- listView -->
  <testcase name="loginAccountAdminInNewWindow" time="0.0" classname="com.eperium.jumpstart.JumpStartTestSuite">
    <skipped/>
  </testcase> <!-- loginAccountAdminInNewWindow -->
  <testcase name="loginCustomer" time="0.0" classname="com.eperium.jumpstart.JumpStartTestSuite">
    <skipped/>
  </testcase> <!-- loginCustomer -->
  <testcase name="loginCustomerAccountAdmin" time="0.0" classname="com.eperium.jumpstart.JumpStartTestSuite">
    <skipped/>
  </testcase> <!-- loginCustomerAccountAdmin -->
  <testcase name="loginCustomerApprover" time="0.0" classname="com.eperium.jumpstart.JumpStartTestSuite">
    <skipped/>
  </testcase> <!-- loginCustomerApprover -->
  <testcase name="loginCustomerBuyer" time="0.0" classname="com.eperium.jumpstart.JumpStartTestSuite">
    <skipped/>
  </testcase> <!-- loginCustomerBuyer -->
  <testcase name="loginForOrderTemplate" time="0.0" classname="com.eperium.jumpstart.JumpStartTestSuite">
    <skipped/>
  </testcase> <!-- loginForOrderTemplate -->
  <testcase name="loginProspect" time="0.0" classname="com.eperium.jumpstart.JumpStartTestSuite">
    <skipped/>
  </testcase> <!-- loginProspect -->
  <testcase name="loginProspectUser" time="0.0" classname="com.eperium.jumpstart.JumpStartTestSuite">
    <skipped/>
  </testcase> <!-- loginProspectUser -->
  <testcase name="loginWithNoDeliveryAddressAssiginedCustomer" time="0.0" classname="com.eperium.jumpstart.JumpStartTestSuite">
    <skipped/>
  </testcase> <!-- loginWithNoDeliveryAddressAssiginedCustomer -->
  <testcase name="logout" time="0.0" classname="com.eperium.jumpstart.JumpStartTestSuite">
    <skipped/>
  </testcase> <!-- logout -->
  <testcase name="logout1" time="0.0" classname="com.eperium.jumpstart.JumpStartTestSuite">
    <skipped/>
  </testcase> <!-- logout1 -->
  <testcase name="logoutChkHeader" time="0.0" classname="com.eperium.jumpstart.JumpStartTestSuite">
    <skipped/>
  </testcase> <!-- logoutChkHeader -->
  <testcase name="logoutViewUpdatedNameAtHeader" time="0.0" classname="com.eperium.jumpstart.JumpStartTestSuite">
    <skipped/>
  </testcase> <!-- logoutViewUpdatedNameAtHeader -->
  <testcase name="mandatoryFieldValidation" time="0.0" classname="com.eperium.jumpstart.JumpStartTestSuite">
    <skipped/>
  </testcase> <!-- mandatoryFieldValidation -->
  <testcase name="moveToOrderTemplateDetailPage" time="0.0" classname="com.eperium.jumpstart.JumpStartTestSuite">
    <skipped/>
  </testcase> <!-- moveToOrderTemplateDetailPage -->
  <testcase name="navCheckoutBtnMiniCart" time="0.0" classname="com.eperium.jumpstart.JumpStartTestSuite">
    <skipped/>
  </testcase> <!-- navCheckoutBtnMiniCart -->
  <testcase name="navEmailSignUp" time="0.0" classname="com.eperium.jumpstart.JumpStartTestSuite">
    <skipped/>
  </testcase> <!-- navEmailSignUp -->
  <testcase name="navigateAddUserPage" time="0.0" classname="com.eperium.jumpstart.JumpStartTestSuite">
    <skipped/>
  </testcase> <!-- navigateAddUserPage -->
  <testcase name="navigateChangeEmailPage" time="0.0" classname="com.eperium.jumpstart.JumpStartTestSuite">
    <skipped/>
  </testcase> <!-- navigateChangeEmailPage -->
  <testcase name="navigateOrderDetailPage" time="0.0" classname="com.eperium.jumpstart.JumpStartTestSuite">
    <skipped/>
  </testcase> <!-- navigateOrderDetailPage -->
  <testcase name="navigateToBundledPDP" time="0.0" classname="com.eperium.jumpstart.JumpStartTestSuite">
    <skipped/>
  </testcase> <!-- navigateToBundledPDP -->
  <testcase name="navigateToOrderTempateDetailPage" time="0.0" classname="com.eperium.jumpstart.JumpStartTestSuite">
    <skipped/>
  </testcase> <!-- navigateToOrderTempateDetailPage -->
  <testcase name="navigateToOrderTempateDetailPage2" time="0.0" classname="com.eperium.jumpstart.JumpStartTestSuite">
    <skipped/>
  </testcase> <!-- navigateToOrderTempateDetailPage2 -->
  <testcase name="navigateToPDP" time="0.0" classname="com.eperium.jumpstart.JumpStartTestSuite">
    <skipped/>
  </testcase> <!-- navigateToPDP -->
  <testcase name="navigateToPDP1" time="0.0" classname="com.eperium.jumpstart.JumpStartTestSuite">
    <skipped/>
  </testcase> <!-- navigateToPDP1 -->
  <testcase name="navigateToUpdateCompanyProfilePage" time="0.0" classname="com.eperium.jumpstart.JumpStartTestSuite">
    <skipped/>
  </testcase> <!-- navigateToUpdateCompanyProfilePage -->
  <testcase name="navigateToUpdateYourProfilePage" time="0.0" classname="com.eperium.jumpstart.JumpStartTestSuite">
    <skipped/>
  </testcase> <!-- navigateToUpdateYourProfilePage -->
  <testcase name="navigateToUserUpdateRolePage" time="0.0" classname="com.eperium.jumpstart.JumpStartTestSuite">
    <skipped/>
  </testcase> <!-- navigateToUserUpdateRolePage -->
  <testcase name="navigatetoAllOrderTemplatePage" time="0.0" classname="com.eperium.jumpstart.JumpStartTestSuite">
    <skipped/>
  </testcase> <!-- navigatetoAllOrderTemplatePage -->
  <testcase name="navigatetoAllOrderTemplatePageAgain" time="0.0" classname="com.eperium.jumpstart.JumpStartTestSuite">
    <skipped/>
  </testcase> <!-- navigatetoAllOrderTemplatePageAgain -->
  <testcase name="navigatetoAllOrderTemplatePageAgain1" time="0.0" classname="com.eperium.jumpstart.JumpStartTestSuite">
    <skipped/>
  </testcase> <!-- navigatetoAllOrderTemplatePageAgain1 -->
  <testcase name="navigatetoMyAccount" time="0.0" classname="com.eperium.jumpstart.JumpStartTestSuite">
    <skipped/>
  </testcase> <!-- navigatetoMyAccount -->
  <testcase name="navigatetoMyAccount1" time="0.0" classname="com.eperium.jumpstart.JumpStartTestSuite">
    <skipped/>
  </testcase> <!-- navigatetoMyAccount1 -->
  <testcase name="openFirstOrderTemplateDecreaseQTYAndMoveProduct" time="0.0" classname="com.eperium.jumpstart.JumpStartTestSuite">
    <skipped/>
  </testcase> <!-- openFirstOrderTemplateDecreaseQTYAndMoveProduct -->
  <testcase name="openFirstOrderTemplateIncreaseQTYAndMoveProduct" time="0.0" classname="com.eperium.jumpstart.JumpStartTestSuite">
    <skipped/>
  </testcase> <!-- openFirstOrderTemplateIncreaseQTYAndMoveProduct -->
  <testcase name="openNewWindow" time="0.0" classname="com.eperium.jumpstart.JumpStartTestSuite">
    <skipped/>
  </testcase> <!-- openNewWindow -->
  <testcase name="openOrderTemplateAndAddProductToCartAndVerify" time="0.0" classname="com.eperium.jumpstart.JumpStartTestSuite">
    <skipped/>
  </testcase> <!-- openOrderTemplateAndAddProductToCartAndVerify -->
  <testcase name="openPDP" time="0.0" classname="com.eperium.jumpstart.JumpStartTestSuite">
    <skipped/>
  </testcase> <!-- openPDP -->
  <testcase name="openProductListerPage" time="0.0" classname="com.eperium.jumpstart.JumpStartTestSuite">
    <skipped/>
  </testcase> <!-- openProductListerPage -->
  <testcase name="openQuickOrderPage" time="0.0" classname="com.eperium.jumpstart.JumpStartTestSuite">
    <skipped/>
  </testcase> <!-- openQuickOrderPage -->
  <testcase name="openSecondOrderTemplateAndVerifyProduct" time="0.0" classname="com.eperium.jumpstart.JumpStartTestSuite">
    <skipped/>
  </testcase> <!-- openSecondOrderTemplateAndVerifyProduct -->
  <testcase name="orderConfirmation" time="0.0" classname="com.eperium.jumpstart.JumpStartTestSuite">
    <skipped/>
  </testcase> <!-- orderConfirmation -->
  <testcase name="orderConfirmationWithMerchantMessage" time="0.0" classname="com.eperium.jumpstart.JumpStartTestSuite">
    <skipped/>
  </testcase> <!-- orderConfirmationWithMerchantMessage -->
  <testcase name="passwordLessThenSixCharacters" time="0.0" classname="com.eperium.jumpstart.JumpStartTestSuite">
    <skipped/>
  </testcase> <!-- passwordLessThenSixCharacters -->
  <testcase name="passwordMismatch" time="0.0" classname="com.eperium.jumpstart.JumpStartTestSuite">
    <skipped/>
  </testcase> <!-- passwordMismatch -->
  <testcase name="passwordNotAlphanuneric" time="0.0" classname="com.eperium.jumpstart.JumpStartTestSuite">
    <skipped/>
  </testcase> <!-- passwordNotAlphanuneric -->
  <testcase name="passwordNotLowerCaseLetter" time="0.0" classname="com.eperium.jumpstart.JumpStartTestSuite">
    <skipped/>
  </testcase> <!-- passwordNotLowerCaseLetter -->
  <testcase name="passwordNotUppercaseLetter" time="0.0" classname="com.eperium.jumpstart.JumpStartTestSuite">
    <skipped/>
  </testcase> <!-- passwordNotUppercaseLetter -->
  <testcase name="paymentPageValidateCartSummary" time="0.0" classname="com.eperium.jumpstart.JumpStartTestSuite">
    <skipped/>
  </testcase> <!-- paymentPageValidateCartSummary -->
  <testcase name="paymentPageValidateOrderSummary" time="0.0" classname="com.eperium.jumpstart.JumpStartTestSuite">
    <skipped/>
  </testcase> <!-- paymentPageValidateOrderSummary -->
  <testcase name="paymentToConfirmOrder" time="0.0" classname="com.eperium.jumpstart.JumpStartTestSuite">
    <skipped/>
  </testcase> <!-- paymentToConfirmOrder -->
  <testcase name="paymentToConfirmOrderWithReference" time="0.0" classname="com.eperium.jumpstart.JumpStartTestSuite">
    <skipped/>
  </testcase> <!-- paymentToConfirmOrderWithReference -->
  <testcase name="paymentToShippingPage" time="0.0" classname="com.eperium.jumpstart.JumpStartTestSuite">
    <skipped/>
  </testcase> <!-- paymentToShippingPage -->
  <testcase name="printCartPage" time="0.0" classname="com.eperium.jumpstart.JumpStartTestSuite">
    <skipped/>
  </testcase> <!-- printCartPage -->
  <testcase name="quickOrdertoCart" time="0.0" classname="com.eperium.jumpstart.JumpStartTestSuite">
    <skipped/>
  </testcase> <!-- quickOrdertoCart -->
  <testcase name="reLoginProspectWithChangedPassword" time="0.0" classname="com.eperium.jumpstart.JumpStartTestSuite">
    <skipped/>
  </testcase> <!-- reLoginProspectWithChangedPassword -->
  <testcase name="reassignRevokedDaToUser" time="0.0" classname="com.eperium.jumpstart.JumpStartTestSuite">
    <skipped/>
  </testcase> <!-- reassignRevokedDaToUser -->
  <testcase name="redirectCustomerToDashboard" time="0.0" classname="com.eperium.jumpstart.JumpStartTestSuite">
    <skipped/>
  </testcase> <!-- redirectCustomerToDashboard -->
  <testcase name="registrationEnterValuesAndVerifyForExistingEmailID" time="0.0" classname="com.eperium.jumpstart.JumpStartTestSuite">
    <skipped/>
  </testcase> <!-- registrationEnterValuesAndVerifyForExistingEmailID -->
  <testcase name="removeProductAndVerifyCart" time="0.0" classname="com.eperium.jumpstart.JumpStartTestSuite">
    <skipped/>
  </testcase> <!-- removeProductAndVerifyCart -->
  <testcase name="resetQuickOrderForm" time="0.0" classname="com.eperium.jumpstart.JumpStartTestSuite">
    <skipped/>
  </testcase> <!-- resetQuickOrderForm -->
  <testcase name="resetUserName" time="0.0" classname="com.eperium.jumpstart.JumpStartTestSuite">
    <skipped/>
  </testcase> <!-- resetUserName -->
  <testcase name="restoreOriginalPassword" time="0.0" classname="com.eperium.jumpstart.JumpStartTestSuite">
    <skipped/>
  </testcase> <!-- restoreOriginalPassword -->
  <testcase name="revokePrefferedDaOfUser" time="0.0" classname="com.eperium.jumpstart.JumpStartTestSuite">
    <skipped/>
  </testcase> <!-- revokePrefferedDaOfUser -->
  <testcase name="rollBackCompanyDetails" time="0.0" classname="com.eperium.jumpstart.JumpStartTestSuite">
    <skipped/>
  </testcase> <!-- rollBackCompanyDetails -->
  <testcase name="saveChanges" time="0.0" classname="com.eperium.jumpstart.JumpStartTestSuite">
    <skipped/>
  </testcase> <!-- saveChanges -->
  <testcase name="saveOrderTemplate" time="0.0" classname="com.eperium.jumpstart.JumpStartTestSuite">
    <skipped/>
  </testcase> <!-- saveOrderTemplate -->
  <testcase name="saveOrderTemplate2" time="0.0" classname="com.eperium.jumpstart.JumpStartTestSuite">
    <skipped/>
  </testcase> <!-- saveOrderTemplate2 -->
  <testcase name="saveOrderTemplateCart" time="0.0" classname="com.eperium.jumpstart.JumpStartTestSuite">
    <skipped/>
  </testcase> <!-- saveOrderTemplateCart -->
  <testcase name="saveOrderTemplateFromBundeledPDP" time="0.0" classname="com.eperium.jumpstart.JumpStartTestSuite">
    <skipped/>
  </testcase> <!-- saveOrderTemplateFromBundeledPDP -->
  <testcase name="saveOrderTemplateFromCart" time="0.0" classname="com.eperium.jumpstart.JumpStartTestSuite">
    <skipped/>
  </testcase> <!-- saveOrderTemplateFromCart -->
  <testcase name="saveOrderTemplateFromListView" time="0.0" classname="com.eperium.jumpstart.JumpStartTestSuite">
    <skipped/>
  </testcase> <!-- saveOrderTemplateFromListView -->
  <testcase name="saveUser" time="0.0" classname="com.eperium.jumpstart.JumpStartTestSuite">
    <skipped/>
  </testcase> <!-- saveUser -->
  <testcase name="select12ItemsPerPage" time="0.0" classname="com.eperium.jumpstart.JumpStartTestSuite">
    <skipped/>
  </testcase> <!-- select12ItemsPerPage -->
  <testcase name="select15ItemsPerPage" time="0.0" classname="com.eperium.jumpstart.JumpStartTestSuite">
    <skipped/>
  </testcase> <!-- select15ItemsPerPage -->
  <testcase name="select24ItemsPerPage" time="0.0" classname="com.eperium.jumpstart.JumpStartTestSuite">
    <skipped/>
  </testcase> <!-- select24ItemsPerPage -->
  <testcase name="select9ItemsPerPage" time="0.0" classname="com.eperium.jumpstart.JumpStartTestSuite">
    <skipped/>
  </testcase> <!-- select9ItemsPerPage -->
  <testcase name="selectAndEnterAlternateAddress" time="0.0" classname="com.eperium.jumpstart.JumpStartTestSuite">
    <skipped/>
  </testcase> <!-- selectAndEnterAlternateAddress -->
  <testcase name="sendQuoteDetails" time="0.0" classname="com.eperium.jumpstart.JumpStartTestSuite">
    <skipped/>
  </testcase> <!-- sendQuoteDetails -->
  <testcase name="setPreferredIdToRevoke" time="0.0" classname="com.eperium.jumpstart.JumpStartTestSuite">
    <skipped/>
  </testcase> <!-- setPreferredIdToRevoke -->
  <testcase name="setUuidForPriceChangeInSolr" time="0.0" classname="com.eperium.jumpstart.JumpStartTestSuite">
    <skipped/>
  </testcase> <!-- setUuidForPriceChangeInSolr -->
  <testcase name="shipmentToPaymentPage" time="0.0" classname="com.eperium.jumpstart.JumpStartTestSuite">
    <skipped/>
  </testcase> <!-- shipmentToPaymentPage -->
  <testcase name="shippingToDeliveryAddressPage" time="0.0" classname="com.eperium.jumpstart.JumpStartTestSuite">
    <skipped/>
  </testcase> <!-- shippingToDeliveryAddressPage -->
  <testcase name="shippmentPageValidateCartSummary" time="0.0" classname="com.eperium.jumpstart.JumpStartTestSuite">
    <skipped/>
  </testcase> <!-- shippmentPageValidateCartSummary -->
  <testcase name="shippmentPageValidateOrderSummary" time="0.0" classname="com.eperium.jumpstart.JumpStartTestSuite">
    <skipped/>
  </testcase> <!-- shippmentPageValidateOrderSummary -->
  <testcase name="shoppingCartToAddressPage" time="0.0" classname="com.eperium.jumpstart.JumpStartTestSuite">
    <skipped/>
  </testcase> <!-- shoppingCartToAddressPage -->
  <testcase name="sortAtoZ" time="0.0" classname="com.eperium.jumpstart.JumpStartTestSuite">
    <skipped/>
  </testcase> <!-- sortAtoZ -->
  <testcase name="uncheckTermsCheckbox" time="0.0" classname="com.eperium.jumpstart.JumpStartTestSuite">
    <skipped/>
  </testcase> <!-- uncheckTermsCheckbox -->
  <testcase name="updateCompanyDetails" time="0.0" classname="com.eperium.jumpstart.JumpStartTestSuite">
    <skipped/>
  </testcase> <!-- updateCompanyDetails -->
  <testcase name="updatePassword" time="0.0" classname="com.eperium.jumpstart.JumpStartTestSuite">
    <skipped/>
  </testcase> <!-- updatePassword -->
  <testcase name="updateYourDetails" time="0.0" classname="com.eperium.jumpstart.JumpStartTestSuite">
    <skipped/>
  </testcase> <!-- updateYourDetails -->
  <testcase name="uploadFileInvalidFileExtn" time="0.0" classname="com.eperium.jumpstart.JumpStartTestSuite">
    <skipped/>
  </testcase> <!-- uploadFileInvalidFileExtn -->
  <testcase name="uploadFileInvalidMissingSkuQty" time="0.0" classname="com.eperium.jumpstart.JumpStartTestSuite">
    <skipped/>
  </testcase> <!-- uploadFileInvalidMissingSkuQty -->
  <testcase name="uploadFileInvalidQtyNonnumeric" time="0.0" classname="com.eperium.jumpstart.JumpStartTestSuite">
    <skipped/>
  </testcase> <!-- uploadFileInvalidQtyNonnumeric -->
  <testcase name="uploadFileInvalidSku" time="0.0" classname="com.eperium.jumpstart.JumpStartTestSuite">
    <skipped/>
  </testcase> <!-- uploadFileInvalidSku -->
  <testcase name="uploadValidCsvAtQuickOrder" time="0.0" classname="com.eperium.jumpstart.JumpStartTestSuite">
    <skipped/>
  </testcase> <!-- uploadValidCsvAtQuickOrder -->
  <testcase name="validate12ItemPerPage" time="0.0" classname="com.eperium.jumpstart.JumpStartTestSuite">
    <skipped/>
  </testcase> <!-- validate12ItemPerPage -->
  <testcase name="validate15ItemPerPage" time="0.0" classname="com.eperium.jumpstart.JumpStartTestSuite">
    <skipped/>
  </testcase> <!-- validate15ItemPerPage -->
  <testcase name="validate24ItemPerPage" time="0.0" classname="com.eperium.jumpstart.JumpStartTestSuite">
    <skipped/>
  </testcase> <!-- validate24ItemPerPage -->
  <testcase name="validate9ItemPerPage" time="0.0" classname="com.eperium.jumpstart.JumpStartTestSuite">
    <skipped/>
  </testcase> <!-- validate9ItemPerPage -->
  <testcase name="validateCartSubTotal" time="0.0" classname="com.eperium.jumpstart.JumpStartTestSuite">
    <skipped/>
  </testcase> <!-- validateCartSubTotal -->
  <testcase name="validateEstimatedTotal" time="0.0" classname="com.eperium.jumpstart.JumpStartTestSuite">
    <skipped/>
  </testcase> <!-- validateEstimatedTotal -->
  <testcase name="validateItemPerPageDropDown" time="0.0" classname="com.eperium.jumpstart.JumpStartTestSuite">
    <skipped/>
  </testcase> <!-- validateItemPerPageDropDown -->
  <testcase name="validateOrdertoDefaultOrderTemplate" time="0.0" classname="com.eperium.jumpstart.JumpStartTestSuite">
    <skipped/>
  </testcase> <!-- validateOrdertoDefaultOrderTemplate -->
  <testcase name="validateQtyInOrderTemplate" time="0.0" classname="com.eperium.jumpstart.JumpStartTestSuite">
    <skipped/>
  </testcase> <!-- validateQtyInOrderTemplate -->
  <testcase name="validateforgotPasswordConfirmationMesssage" time="0.0" classname="com.eperium.jumpstart.JumpStartTestSuite">
    <skipped/>
  </testcase> <!-- validateforgotPasswordConfirmationMesssage -->
  <testcase name="verifyAlternateAddressOrderConfirmationPage" time="0.0" classname="com.eperium.jumpstart.JumpStartTestSuite">
    <skipped/>
  </testcase> <!-- verifyAlternateAddressOrderConfirmationPage -->
  <testcase name="verifyAlternateAddressPaymentConfirmationPage" time="0.0" classname="com.eperium.jumpstart.JumpStartTestSuite">
    <skipped/>
  </testcase> <!-- verifyAlternateAddressPaymentConfirmationPage -->
  <testcase name="verifyAlternateAddressShipmentPage" time="0.0" classname="com.eperium.jumpstart.JumpStartTestSuite">
    <skipped/>
  </testcase> <!-- verifyAlternateAddressShipmentPage -->
  <testcase name="verifyBlankOrderTemplateName" time="0.0" classname="com.eperium.jumpstart.JumpStartTestSuite">
    <skipped/>
  </testcase> <!-- verifyBlankOrderTemplateName -->
  <testcase name="verifyCustomer" time="0.0" classname="com.eperium.jumpstart.JumpStartTestSuite">
    <skipped/>
  </testcase> <!-- verifyCustomer -->
  <testcase name="verifyInvalidPassword" time="0.0" classname="com.eperium.jumpstart.JumpStartTestSuite">
    <skipped/>
  </testcase> <!-- verifyInvalidPassword -->
  <testcase name="verifyLoginPageBlankFields" time="0.0" classname="com.eperium.jumpstart.JumpStartTestSuite">
    <skipped/>
  </testcase> <!-- verifyLoginPageBlankFields -->
  <testcase name="verifyMandatoryFieldsRefIdAndName" time="0.0" classname="com.eperium.jumpstart.JumpStartTestSuite">
    <skipped/>
  </testcase> <!-- verifyMandatoryFieldsRefIdAndName -->
  <testcase name="verifyPackagingInfoOnAddressPage" time="0.0" classname="com.eperium.jumpstart.JumpStartTestSuite">
    <skipped/>
  </testcase> <!-- verifyPackagingInfoOnAddressPage -->
  <testcase name="verifyPackagingInfoOnCartPage" time="0.0" classname="com.eperium.jumpstart.JumpStartTestSuite">
    <skipped/>
  </testcase> <!-- verifyPackagingInfoOnCartPage -->
  <testcase name="verifyPackagingInfoOnOrderConfirmationPage" time="0.0" classname="com.eperium.jumpstart.JumpStartTestSuite">
    <skipped/>
  </testcase> <!-- verifyPackagingInfoOnOrderConfirmationPage -->
  <testcase name="verifyPackagingInfoOnPaymentPage" time="0.0" classname="com.eperium.jumpstart.JumpStartTestSuite">
    <skipped/>
  </testcase> <!-- verifyPackagingInfoOnPaymentPage -->
  <testcase name="verifyPackagingInfoOnShipment" time="0.0" classname="com.eperium.jumpstart.JumpStartTestSuite">
    <skipped/>
  </testcase> <!-- verifyPackagingInfoOnShipment -->
  <testcase name="verifyProspect" time="0.0" classname="com.eperium.jumpstart.JumpStartTestSuite">
    <skipped/>
  </testcase> <!-- verifyProspect -->
  <testcase name="verifyQuote" time="0.0" classname="com.eperium.jumpstart.JumpStartTestSuite">
    <skipped/>
  </testcase> <!-- verifyQuote -->
  <testcase name="verifyRegistrationPageBlankFields" time="0.0" classname="com.eperium.jumpstart.JumpStartTestSuite">
    <skipped/>
  </testcase> <!-- verifyRegistrationPageBlankFields -->
  <testcase name="verifyUserRole" time="0.0" classname="com.eperium.jumpstart.JumpStartTestSuite">
    <skipped/>
  </testcase> <!-- verifyUserRole -->
  <testcase name="verifyUserRole1" time="0.0" classname="com.eperium.jumpstart.JumpStartTestSuite">
    <skipped/>
  </testcase> <!-- verifyUserRole1 -->
  <testcase name="verifyUserRole2" time="0.0" classname="com.eperium.jumpstart.JumpStartTestSuite">
    <skipped/>
  </testcase> <!-- verifyUserRole2 -->
  <testcase name="viewAddToCartBtnOrderTemplate" time="0.0" classname="com.eperium.jumpstart.JumpStartTestSuite">
    <skipped/>
  </testcase> <!-- viewAddToCartBtnOrderTemplate -->
  <testcase name="viewNoTopOnScrollDown" time="0.0" classname="com.eperium.jumpstart.JumpStartTestSuite">
    <skipped/>
  </testcase> <!-- viewNoTopOnScrollDown -->
  <testcase name="viewTopOnScrollDown" time="0.0" classname="com.eperium.jumpstart.JumpStartTestSuite">
    <skipped/>
  </testcase> <!-- viewTopOnScrollDown -->
  <testcase name="viewUpdatedNameAtHeader" time="0.0" classname="com.eperium.jumpstart.JumpStartTestSuite">
    <skipped/>
  </testcase> <!-- viewUpdatedNameAtHeader -->
  <testcase name="viewUpdatedNameOnDashboard" time="0.0" classname="com.eperium.jumpstart.JumpStartTestSuite">
    <skipped/>
  </testcase> <!-- viewUpdatedNameOnDashboard -->
  <testcase name="viewUserNameAtHeader" time="0.0" classname="com.eperium.jumpstart.JumpStartTestSuite">
    <skipped/>
  </testcase> <!-- viewUserNameAtHeader -->
  <testcase name="viewUserNameOnDashboard" time="0.0" classname="com.eperium.jumpstart.JumpStartTestSuite">
    <skipped/>
  </testcase> <!-- viewUserNameOnDashboard -->
</testsuite> <!-- Default test -->
